{"/Users/sholloway/Documents/Code/big-data-tables/.venv/lib/python3.10/site-packages/coverage/htmlfiles/coverage_html.js":{"path":"/Users/sholloway/Documents/Code/big-data-tables/.venv/lib/python3.10/site-packages/coverage/htmlfiles/coverage_html.js","statementMap":{"0":{"start":{"line":8,"column":0},"end":{"line":8,"column":14}},"1":{"start":{"line":12,"column":20},"end":{"line":12,"column":24}},"2":{"start":{"line":13,"column":4},"end":{"line":18,"column":6}},"3":{"start":{"line":14,"column":8},"end":{"line":14,"column":32}},"4":{"start":{"line":15,"column":8},"end":{"line":17,"column":17}},"5":{"start":{"line":16,"column":12},"end":{"line":16,"column":39}},"6":{"start":{"line":22,"column":17},"end":{"line":22,"column":48}},"7":{"start":{"line":23,"column":23},"end":{"line":23,"column":90}},"8":{"start":{"line":24,"column":20},"end":{"line":24,"column":22}},"9":{"start":{"line":25,"column":4},"end":{"line":25,"column":62}},"10":{"start":{"line":29,"column":16},"end":{"line":29,"column":43}},"11":{"start":{"line":30,"column":4},"end":{"line":32,"column":5}},"12":{"start":{"line":31,"column":8},"end":{"line":31,"column":42}},"13":{"start":{"line":37,"column":17},"end":{"line":37,"column":34}},"14":{"start":{"line":38,"column":4},"end":{"line":45,"column":5}},"15":{"start":{"line":39,"column":22},"end":{"line":39,"column":44}},"16":{"start":{"line":40,"column":8},"end":{"line":44,"column":9}},"17":{"start":{"line":41,"column":12},"end":{"line":41,"column":33}},"18":{"start":{"line":42,"column":15},"end":{"line":44,"column":9}},"19":{"start":{"line":43,"column":12},"end":{"line":43,"column":30}},"20":{"start":{"line":46,"column":4},"end":{"line":46,"column":46}},"21":{"start":{"line":50,"column":17},"end":{"line":50,"column":43}},"22":{"start":{"line":51,"column":17},"end":{"line":51,"column":43}},"23":{"start":{"line":52,"column":4},"end":{"line":54,"column":5}},"24":{"start":{"line":53,"column":8},"end":{"line":53,"column":30}},"25":{"start":{"line":55,"column":4},"end":{"line":55,"column":68}},"26":{"start":{"line":61,"column":29},"end":{"line":61,"column":57}},"27":{"start":{"line":62,"column":4},"end":{"line":62,"column":92}},"28":{"start":{"line":62,"column":50},"end":{"line":62,"column":90}},"29":{"start":{"line":63,"column":4},"end":{"line":67,"column":5}},"30":{"start":{"line":64,"column":8},"end":{"line":64,"column":81}},"31":{"start":{"line":66,"column":8},"end":{"line":66,"column":100}},"32":{"start":{"line":69,"column":19},"end":{"line":69,"column":58}},"33":{"start":{"line":72,"column":4},"end":{"line":74,"column":58}},"34":{"start":{"line":73,"column":30},"end":{"line":73,"column":121}},"35":{"start":{"line":74,"column":23},"end":{"line":74,"column":55}},"36":{"start":{"line":78,"column":0},"end":{"line":89,"column":2}},"37":{"start":{"line":79,"column":4},"end":{"line":88,"column":7}},"38":{"start":{"line":80,"column":8},"end":{"line":87,"column":11}},"39":{"start":{"line":81,"column":12},"end":{"line":83,"column":13}},"40":{"start":{"line":82,"column":16},"end":{"line":82,"column":23}},"41":{"start":{"line":84,"column":12},"end":{"line":86,"column":13}},"42":{"start":{"line":85,"column":16},"end":{"line":85,"column":32}},"43":{"start":{"line":92,"column":0},"end":{"line":170,"column":2}},"44":{"start":{"line":94,"column":18},"end":{"line":94,"column":55}},"45":{"start":{"line":95,"column":28},"end":{"line":95,"column":62}},"46":{"start":{"line":96,"column":20},"end":{"line":96,"column":54}},"47":{"start":{"line":99,"column":4},"end":{"line":165,"column":8}},"48":{"start":{"line":101,"column":23},"end":{"line":101,"column":68}},"49":{"start":{"line":103,"column":8},"end":{"line":103,"column":63}},"50":{"start":{"line":106,"column":8},"end":{"line":129,"column":11}},"51":{"start":{"line":107,"column":12},"end":{"line":111,"column":13}},"52":{"start":{"line":109,"column":16},"end":{"line":109,"column":44}},"53":{"start":{"line":110,"column":16},"end":{"line":110,"column":23}},"54":{"start":{"line":114,"column":12},"end":{"line":114,"column":43}},"55":{"start":{"line":115,"column":12},"end":{"line":115,"column":24}},"56":{"start":{"line":117,"column":12},"end":{"line":128,"column":13}},"57":{"start":{"line":117,"column":30},"end":{"line":117,"column":31}},"58":{"start":{"line":119,"column":16},"end":{"line":119,"column":40}},"59":{"start":{"line":120,"column":16},"end":{"line":127,"column":17}},"60":{"start":{"line":122,"column":43},"end":{"line":122,"column":72}},"61":{"start":{"line":123,"column":20},"end":{"line":123,"column":67}},"62":{"start":{"line":124,"column":20},"end":{"line":124,"column":67}},"63":{"start":{"line":126,"column":20},"end":{"line":126,"column":69}},"64":{"start":{"line":132,"column":8},"end":{"line":137,"column":9}},"65":{"start":{"line":134,"column":12},"end":{"line":134,"column":44}},"66":{"start":{"line":135,"column":12},"end":{"line":135,"column":41}},"67":{"start":{"line":136,"column":12},"end":{"line":136,"column":19}},"68":{"start":{"line":140,"column":8},"end":{"line":140,"column":37}},"69":{"start":{"line":141,"column":8},"end":{"line":141,"column":35}},"70":{"start":{"line":143,"column":23},"end":{"line":143,"column":42}},"71":{"start":{"line":145,"column":8},"end":{"line":164,"column":9}},"72":{"start":{"line":145,"column":26},"end":{"line":145,"column":27}},"73":{"start":{"line":147,"column":25},"end":{"line":147,"column":45}},"74":{"start":{"line":150,"column":12},"end":{"line":163,"column":13}},"75":{"start":{"line":153,"column":30},"end":{"line":153,"column":65}},"76":{"start":{"line":154,"column":31},"end":{"line":154,"column":58}},"77":{"start":{"line":155,"column":41},"end":{"line":155,"column":55}},"78":{"start":{"line":156,"column":16},"end":{"line":156,"column":57}},"79":{"start":{"line":158,"column":16},"end":{"line":160,"column":50}},"80":{"start":{"line":162,"column":16},"end":{"line":162,"column":50}},"81":{"start":{"line":169,"column":4},"end":{"line":169,"column":72}},"82":{"start":{"line":172,"column":0},"end":{"line":172,"column":54}},"83":{"start":{"line":175,"column":0},"end":{"line":208,"column":2}},"84":{"start":{"line":176,"column":4},"end":{"line":176,"column":32}},"85":{"start":{"line":177,"column":4},"end":{"line":177,"column":30}},"86":{"start":{"line":178,"column":4},"end":{"line":180,"column":6}},"87":{"start":{"line":179,"column":14},"end":{"line":179,"column":69}},"88":{"start":{"line":179,"column":48},"end":{"line":179,"column":68}},"89":{"start":{"line":183,"column":24},"end":{"line":183,"column":73}},"90":{"start":{"line":185,"column":4},"end":{"line":190,"column":5}},"91":{"start":{"line":186,"column":36},"end":{"line":186,"column":59}},"92":{"start":{"line":187,"column":19},"end":{"line":187,"column":88}},"93":{"start":{"line":188,"column":8},"end":{"line":188,"column":93}},"94":{"start":{"line":189,"column":8},"end":{"line":189,"column":18}},"95":{"start":{"line":193,"column":4},"end":{"line":202,"column":7}},"96":{"start":{"line":194,"column":19},"end":{"line":194,"column":128}},"97":{"start":{"line":195,"column":8},"end":{"line":197,"column":9}},"98":{"start":{"line":196,"column":12},"end":{"line":196,"column":19}},"99":{"start":{"line":198,"column":8},"end":{"line":201,"column":12}},"100":{"start":{"line":204,"column":4},"end":{"line":204,"column":57}},"101":{"start":{"line":205,"column":4},"end":{"line":205,"column":57}},"102":{"start":{"line":207,"column":4},"end":{"line":207,"column":64}},"103":{"start":{"line":212,"column":0},"end":{"line":212,"column":56}},"104":{"start":{"line":214,"column":0},"end":{"line":262,"column":2}},"105":{"start":{"line":216,"column":15},"end":{"line":216,"column":28}},"106":{"start":{"line":217,"column":4},"end":{"line":222,"column":5}},"107":{"start":{"line":218,"column":8},"end":{"line":218,"column":78}},"108":{"start":{"line":219,"column":8},"end":{"line":219,"column":55}},"109":{"start":{"line":221,"column":8},"end":{"line":221,"column":28}},"110":{"start":{"line":224,"column":4},"end":{"line":224,"column":58}},"111":{"start":{"line":225,"column":4},"end":{"line":225,"column":58}},"112":{"start":{"line":226,"column":4},"end":{"line":226,"column":58}},"113":{"start":{"line":227,"column":4},"end":{"line":227,"column":58}},"114":{"start":{"line":229,"column":4},"end":{"line":229,"column":66}},"115":{"start":{"line":230,"column":4},"end":{"line":230,"column":66}},"116":{"start":{"line":231,"column":4},"end":{"line":231,"column":53}},"117":{"start":{"line":232,"column":4},"end":{"line":232,"column":61}},"118":{"start":{"line":234,"column":4},"end":{"line":234,"column":57}},"119":{"start":{"line":235,"column":4},"end":{"line":235,"column":57}},"120":{"start":{"line":236,"column":4},"end":{"line":236,"column":52}},"121":{"start":{"line":238,"column":4},"end":{"line":238,"column":64}},"122":{"start":{"line":240,"column":4},"end":{"line":240,"column":33}},"123":{"start":{"line":241,"column":4},"end":{"line":243,"column":19}},"124":{"start":{"line":242,"column":8},"end":{"line":242,"column":79}},"125":{"start":{"line":245,"column":4},"end":{"line":250,"column":5}},"126":{"start":{"line":246,"column":8},"end":{"line":246,"column":56}},"127":{"start":{"line":249,"column":8},"end":{"line":249,"column":73}},"128":{"start":{"line":252,"column":4},"end":{"line":254,"column":5}},"129":{"start":{"line":253,"column":8},"end":{"line":253,"column":64}},"130":{"start":{"line":256,"column":4},"end":{"line":256,"column":32}},"131":{"start":{"line":257,"column":4},"end":{"line":257,"column":35}},"132":{"start":{"line":258,"column":4},"end":{"line":258,"column":37}},"133":{"start":{"line":261,"column":4},"end":{"line":261,"column":69}},"134":{"start":{"line":264,"column":0},"end":{"line":274,"column":2}},"135":{"start":{"line":265,"column":16},"end":{"line":265,"column":46}},"136":{"start":{"line":266,"column":21},"end":{"line":266,"column":30}},"137":{"start":{"line":267,"column":17},"end":{"line":267,"column":60}},"138":{"start":{"line":268,"column":4},"end":{"line":268,"column":48}},"139":{"start":{"line":269,"column":4},"end":{"line":269,"column":36}},"140":{"start":{"line":270,"column":4},"end":{"line":270,"column":38}},"141":{"start":{"line":271,"column":4},"end":{"line":273,"column":19}},"142":{"start":{"line":272,"column":8},"end":{"line":272,"column":94}},"143":{"start":{"line":276,"column":0},"end":{"line":289,"column":2}},"144":{"start":{"line":277,"column":16},"end":{"line":277,"column":34}},"145":{"start":{"line":278,"column":16},"end":{"line":278,"column":68}},"146":{"start":{"line":279,"column":4},"end":{"line":288,"column":5}},"147":{"start":{"line":280,"column":8},"end":{"line":287,"column":9}},"148":{"start":{"line":281,"column":12},"end":{"line":281,"column":97}},"149":{"start":{"line":281,"column":75},"end":{"line":281,"column":95}},"150":{"start":{"line":282,"column":12},"end":{"line":282,"column":35}},"151":{"start":{"line":285,"column":12},"end":{"line":285,"column":100}},"152":{"start":{"line":285,"column":75},"end":{"line":285,"column":98}},"153":{"start":{"line":286,"column":12},"end":{"line":286,"column":38}},"154":{"start":{"line":292,"column":0},"end":{"line":294,"column":2}},"155":{"start":{"line":293,"column":4},"end":{"line":293,"column":58}},"156":{"start":{"line":297,"column":0},"end":{"line":302,"column":2}},"157":{"start":{"line":299,"column":4},"end":{"line":299,"column":27}},"158":{"start":{"line":301,"column":4},"end":{"line":301,"column":51}},"159":{"start":{"line":304,"column":0},"end":{"line":307,"column":2}},"160":{"start":{"line":305,"column":4},"end":{"line":305,"column":27}},"161":{"start":{"line":306,"column":4},"end":{"line":306,"column":30}},"162":{"start":{"line":309,"column":0},"end":{"line":312,"column":2}},"163":{"start":{"line":310,"column":4},"end":{"line":310,"column":27}},"164":{"start":{"line":311,"column":4},"end":{"line":311,"column":29}},"165":{"start":{"line":314,"column":0},"end":{"line":316,"column":1}},"166":{"start":{"line":315,"column":4},"end":{"line":315,"column":67}},"167":{"start":{"line":318,"column":0},"end":{"line":320,"column":1}},"168":{"start":{"line":319,"column":4},"end":{"line":319,"column":67}},"169":{"start":{"line":322,"column":0},"end":{"line":324,"column":1}},"170":{"start":{"line":323,"column":4},"end":{"line":323,"column":62}},"171":{"start":{"line":326,"column":0},"end":{"line":329,"column":1}},"172":{"start":{"line":327,"column":22},"end":{"line":327,"column":65}},"173":{"start":{"line":328,"column":4},"end":{"line":328,"column":43}},"174":{"start":{"line":333,"column":0},"end":{"line":343,"column":2}},"175":{"start":{"line":334,"column":20},"end":{"line":334,"column":39}},"176":{"start":{"line":335,"column":4},"end":{"line":337,"column":5}},"177":{"start":{"line":336,"column":8},"end":{"line":336,"column":20}},"178":{"start":{"line":338,"column":18},"end":{"line":338,"column":47}},"179":{"start":{"line":339,"column":4},"end":{"line":341,"column":5}},"180":{"start":{"line":340,"column":8},"end":{"line":340,"column":20}},"181":{"start":{"line":342,"column":4},"end":{"line":342,"column":20}},"182":{"start":{"line":345,"column":0},"end":{"line":375,"column":2}},"183":{"start":{"line":346,"column":14},"end":{"line":346,"column":22}},"184":{"start":{"line":349,"column":16},"end":{"line":349,"column":25}},"185":{"start":{"line":351,"column":4},"end":{"line":361,"column":5}},"186":{"start":{"line":352,"column":8},"end":{"line":352,"column":39}},"187":{"start":{"line":353,"column":8},"end":{"line":355,"column":9}},"188":{"start":{"line":354,"column":12},"end":{"line":354,"column":19}},"189":{"start":{"line":356,"column":8},"end":{"line":356,"column":56}},"190":{"start":{"line":357,"column":8},"end":{"line":359,"column":9}},"191":{"start":{"line":358,"column":12},"end":{"line":358,"column":18}},"192":{"start":{"line":360,"column":8},"end":{"line":360,"column":16}},"193":{"start":{"line":364,"column":16},"end":{"line":364,"column":21}},"194":{"start":{"line":367,"column":25},"end":{"line":367,"column":40}},"195":{"start":{"line":368,"column":4},"end":{"line":372,"column":5}},"196":{"start":{"line":369,"column":8},"end":{"line":369,"column":16}},"197":{"start":{"line":370,"column":8},"end":{"line":370,"column":39}},"198":{"start":{"line":371,"column":8},"end":{"line":371,"column":55}},"199":{"start":{"line":373,"column":4},"end":{"line":373,"column":28}},"200":{"start":{"line":374,"column":4},"end":{"line":374,"column":23}},"201":{"start":{"line":377,"column":0},"end":{"line":411,"column":2}},"202":{"start":{"line":378,"column":14},"end":{"line":378,"column":22}},"203":{"start":{"line":381,"column":16},"end":{"line":381,"column":29}},"204":{"start":{"line":382,"column":21},"end":{"line":382,"column":38}},"205":{"start":{"line":383,"column":4},"end":{"line":385,"column":5}},"206":{"start":{"line":384,"column":8},"end":{"line":384,"column":15}},"207":{"start":{"line":386,"column":26},"end":{"line":386,"column":55}},"208":{"start":{"line":387,"column":4},"end":{"line":394,"column":5}},"209":{"start":{"line":388,"column":8},"end":{"line":388,"column":16}},"210":{"start":{"line":389,"column":8},"end":{"line":389,"column":39}},"211":{"start":{"line":390,"column":8},"end":{"line":392,"column":9}},"212":{"start":{"line":391,"column":12},"end":{"line":391,"column":19}},"213":{"start":{"line":393,"column":8},"end":{"line":393,"column":56}},"214":{"start":{"line":397,"column":14},"end":{"line":397,"column":21}},"215":{"start":{"line":400,"column":25},"end":{"line":400,"column":40}},"216":{"start":{"line":401,"column":4},"end":{"line":408,"column":5}},"217":{"start":{"line":402,"column":8},"end":{"line":402,"column":16}},"218":{"start":{"line":403,"column":8},"end":{"line":405,"column":9}},"219":{"start":{"line":404,"column":12},"end":{"line":404,"column":19}},"220":{"start":{"line":406,"column":8},"end":{"line":406,"column":39}},"221":{"start":{"line":407,"column":8},"end":{"line":407,"column":55}},"222":{"start":{"line":409,"column":4},"end":{"line":409,"column":28}},"223":{"start":{"line":410,"column":4},"end":{"line":410,"column":23}},"224":{"start":{"line":415,"column":0},"end":{"line":427,"column":2}},"225":{"start":{"line":416,"column":4},"end":{"line":418,"column":5}},"226":{"start":{"line":417,"column":8},"end":{"line":417,"column":17}},"227":{"start":{"line":420,"column":18},"end":{"line":420,"column":55}},"228":{"start":{"line":421,"column":16},"end":{"line":421,"column":53}},"229":{"start":{"line":423,"column":4},"end":{"line":426,"column":6}},"230":{"start":{"line":429,"column":0},"end":{"line":446,"column":2}},"231":{"start":{"line":430,"column":4},"end":{"line":444,"column":5}},"232":{"start":{"line":436,"column":21},"end":{"line":436,"column":66}},"233":{"start":{"line":437,"column":8},"end":{"line":443,"column":9}},"234":{"start":{"line":439,"column":12},"end":{"line":439,"column":45}},"235":{"start":{"line":442,"column":12},"end":{"line":442,"column":78}},"236":{"start":{"line":445,"column":4},"end":{"line":445,"column":29}},"237":{"start":{"line":448,"column":0},"end":{"line":465,"column":2}},"238":{"start":{"line":449,"column":4},"end":{"line":463,"column":5}},"239":{"start":{"line":455,"column":21},"end":{"line":455,"column":104}},"240":{"start":{"line":456,"column":8},"end":{"line":462,"column":9}},"241":{"start":{"line":458,"column":12},"end":{"line":458,"column":62}},"242":{"start":{"line":461,"column":12},"end":{"line":461,"column":78}},"243":{"start":{"line":464,"column":4},"end":{"line":464,"column":29}},"244":{"start":{"line":469,"column":0},"end":{"line":505,"column":2}},"245":{"start":{"line":470,"column":12},"end":{"line":470,"column":20}},"246":{"start":{"line":471,"column":21},"end":{"line":471,"column":39}},"247":{"start":{"line":472,"column":4},"end":{"line":474,"column":5}},"248":{"start":{"line":473,"column":8},"end":{"line":473,"column":15}},"249":{"start":{"line":475,"column":24},"end":{"line":475,"column":53}},"250":{"start":{"line":476,"column":4},"end":{"line":504,"column":5}},"251":{"start":{"line":479,"column":20},"end":{"line":479,"column":26}},"252":{"start":{"line":480,"column":24},"end":{"line":480,"column":37}},"253":{"start":{"line":481,"column":8},"end":{"line":488,"column":9}},"254":{"start":{"line":482,"column":12},"end":{"line":482,"column":20}},"255":{"start":{"line":483,"column":12},"end":{"line":483,"column":43}},"256":{"start":{"line":484,"column":12},"end":{"line":486,"column":13}},"257":{"start":{"line":485,"column":16},"end":{"line":485,"column":22}},"258":{"start":{"line":487,"column":12},"end":{"line":487,"column":54}},"259":{"start":{"line":489,"column":20},"end":{"line":489,"column":29}},"260":{"start":{"line":492,"column":8},"end":{"line":492,"column":23}},"261":{"start":{"line":493,"column":8},"end":{"line":493,"column":34}},"262":{"start":{"line":494,"column":8},"end":{"line":498,"column":9}},"263":{"start":{"line":495,"column":12},"end":{"line":495,"column":20}},"264":{"start":{"line":496,"column":12},"end":{"line":496,"column":43}},"265":{"start":{"line":497,"column":12},"end":{"line":497,"column":54}},"266":{"start":{"line":500,"column":8},"end":{"line":500,"column":39}},"267":{"start":{"line":503,"column":8},"end":{"line":503,"column":33}},"268":{"start":{"line":507,"column":0},"end":{"line":515,"column":2}},"269":{"start":{"line":509,"column":4},"end":{"line":509,"column":98}},"270":{"start":{"line":509,"column":65},"end":{"line":509,"column":96}},"271":{"start":{"line":510,"column":4},"end":{"line":512,"column":5}},"272":{"start":{"line":510,"column":21},"end":{"line":510,"column":39}},"273":{"start":{"line":511,"column":8},"end":{"line":511,"column":80}},"274":{"start":{"line":514,"column":4},"end":{"line":514,"column":35}},"275":{"start":{"line":517,"column":0},"end":{"line":523,"column":2}},"276":{"start":{"line":519,"column":4},"end":{"line":522,"column":5}},"277":{"start":{"line":520,"column":24},"end":{"line":520,"column":61}},"278":{"start":{"line":521,"column":8},"end":{"line":521,"column":55}},"279":{"start":{"line":525,"column":0},"end":{"line":527,"column":2}},"280":{"start":{"line":526,"column":4},"end":{"line":526,"column":53}},"281":{"start":{"line":529,"column":0},"end":{"line":535,"column":2}},"282":{"start":{"line":531,"column":4},"end":{"line":531,"column":73}},"283":{"start":{"line":534,"column":4},"end":{"line":534,"column":36}},"284":{"start":{"line":537,"column":0},"end":{"line":577,"column":2}},"285":{"start":{"line":538,"column":31},"end":{"line":538,"column":71}},"286":{"start":{"line":539,"column":4},"end":{"line":539,"column":56}},"287":{"start":{"line":539,"column":28},"end":{"line":539,"column":56}},"288":{"start":{"line":541,"column":4},"end":{"line":543,"column":5}},"289":{"start":{"line":542,"column":8},"end":{"line":542,"column":15}},"290":{"start":{"line":545,"column":25},"end":{"line":545,"column":72}},"291":{"start":{"line":546,"column":24},"end":{"line":546,"column":90}},"292":{"start":{"line":548,"column":24},"end":{"line":548,"column":27}},"293":{"start":{"line":550,"column":26},"end":{"line":550,"column":55}},"294":{"start":{"line":551,"column":4},"end":{"line":551,"column":39}},"295":{"start":{"line":552,"column":4},"end":{"line":573,"column":7}},"296":{"start":{"line":555,"column":25},"end":{"line":555,"column":69}},"297":{"start":{"line":556,"column":28},"end":{"line":556,"column":80}},"298":{"start":{"line":558,"column":8},"end":{"line":570,"column":9}},"299":{"start":{"line":560,"column":12},"end":{"line":560,"column":78}},"300":{"start":{"line":563,"column":12},"end":{"line":563,"column":54}},"301":{"start":{"line":564,"column":12},"end":{"line":564,"column":45}},"302":{"start":{"line":565,"column":12},"end":{"line":565,"column":46}},"303":{"start":{"line":566,"column":12},"end":{"line":566,"column":56}},"304":{"start":{"line":567,"column":12},"end":{"line":567,"column":50}},"305":{"start":{"line":568,"column":12},"end":{"line":568,"column":44}},"306":{"start":{"line":569,"column":12},"end":{"line":569,"column":32}},"307":{"start":{"line":572,"column":8},"end":{"line":572,"column":36}},"308":{"start":{"line":576,"column":4},"end":{"line":576,"column":40}},"309":{"start":{"line":579,"column":0},"end":{"line":596,"column":2}},"310":{"start":{"line":580,"column":19},"end":{"line":580,"column":51}},"311":{"start":{"line":582,"column":8},"end":{"line":583,"column":42}},"312":{"start":{"line":587,"column":8},"end":{"line":591,"column":9}},"313":{"start":{"line":588,"column":12},"end":{"line":588,"column":43}},"314":{"start":{"line":590,"column":12},"end":{"line":590,"column":46}},"315":{"start":{"line":594,"column":4},"end":{"line":594,"column":52}},"316":{"start":{"line":595,"column":4},"end":{"line":595,"column":19}},"317":{"start":{"line":598,"column":0},"end":{"line":604,"column":3}},"318":{"start":{"line":599,"column":4},"end":{"line":603,"column":5}},"319":{"start":{"line":600,"column":8},"end":{"line":600,"column":31}},"320":{"start":{"line":602,"column":8},"end":{"line":602,"column":32}}},"fnMap":{"0":{"name":"debounce","decl":{"start":{"line":11,"column":9},"end":{"line":11,"column":17}},"loc":{"start":{"line":11,"column":34},"end":{"line":19,"column":1}},"line":11},"1":{"name":"(anonymous_1)","decl":{"start":{"line":13,"column":11},"end":{"line":13,"column":12}},"loc":{"start":{"line":13,"column":29},"end":{"line":18,"column":5}},"line":13},"2":{"name":"(anonymous_2)","decl":{"start":{"line":15,"column":31},"end":{"line":15,"column":32}},"loc":{"start":{"line":15,"column":37},"end":{"line":17,"column":9}},"line":15},"3":{"name":"checkVisible","decl":{"start":{"line":21,"column":9},"end":{"line":21,"column":21}},"loc":{"start":{"line":21,"column":31},"end":{"line":26,"column":1}},"line":21},"4":{"name":"on_click","decl":{"start":{"line":28,"column":9},"end":{"line":28,"column":17}},"loc":{"start":{"line":28,"column":27},"end":{"line":33,"column":1}},"line":28},"5":{"name":"getCellValue","decl":{"start":{"line":36,"column":9},"end":{"line":36,"column":21}},"loc":{"start":{"line":36,"column":39},"end":{"line":47,"column":1}},"line":36},"6":{"name":"rowComparator","decl":{"start":{"line":49,"column":9},"end":{"line":49,"column":22}},"loc":{"start":{"line":49,"column":47},"end":{"line":56,"column":1}},"line":49},"7":{"name":"sortColumn","decl":{"start":{"line":58,"column":9},"end":{"line":58,"column":19}},"loc":{"start":{"line":58,"column":24},"end":{"line":75,"column":1}},"line":58},"8":{"name":"(anonymous_8)","decl":{"start":{"line":62,"column":40},"end":{"line":62,"column":41}},"loc":{"start":{"line":62,"column":50},"end":{"line":62,"column":90}},"line":62},"9":{"name":"(anonymous_9)","decl":{"start":{"line":73,"column":14},"end":{"line":73,"column":15}},"loc":{"start":{"line":73,"column":30},"end":{"line":73,"column":121}},"line":73},"10":{"name":"(anonymous_10)","decl":{"start":{"line":74,"column":17},"end":{"line":74,"column":18}},"loc":{"start":{"line":74,"column":23},"end":{"line":74,"column":55}},"line":74},"11":{"name":"(anonymous_11)","decl":{"start":{"line":78,"column":28},"end":{"line":78,"column":29}},"loc":{"start":{"line":78,"column":40},"end":{"line":89,"column":1}},"line":78},"12":{"name":"(anonymous_12)","decl":{"start":{"line":79,"column":57},"end":{"line":79,"column":58}},"loc":{"start":{"line":79,"column":68},"end":{"line":88,"column":5}},"line":79},"13":{"name":"(anonymous_13)","decl":{"start":{"line":80,"column":46},"end":{"line":80,"column":47}},"loc":{"start":{"line":80,"column":55},"end":{"line":87,"column":9}},"line":80},"14":{"name":"(anonymous_14)","decl":{"start":{"line":92,"column":26},"end":{"line":92,"column":27}},"loc":{"start":{"line":92,"column":38},"end":{"line":170,"column":1}},"line":92},"15":{"name":"(anonymous_15)","decl":{"start":{"line":99,"column":73},"end":{"line":99,"column":74}},"loc":{"start":{"line":99,"column":82},"end":{"line":165,"column":5}},"line":99},"16":{"name":"(anonymous_16)","decl":{"start":{"line":106,"column":32},"end":{"line":106,"column":33}},"loc":{"start":{"line":106,"column":39},"end":{"line":129,"column":9}},"line":106},"17":{"name":"(anonymous_17)","decl":{"start":{"line":175,"column":23},"end":{"line":175,"column":24}},"loc":{"start":{"line":175,"column":35},"end":{"line":208,"column":1}},"line":175},"18":{"name":"(anonymous_18)","decl":{"start":{"line":179,"column":8},"end":{"line":179,"column":9}},"loc":{"start":{"line":179,"column":14},"end":{"line":179,"column":69}},"line":179},"19":{"name":"(anonymous_19)","decl":{"start":{"line":179,"column":43},"end":{"line":179,"column":44}},"loc":{"start":{"line":179,"column":48},"end":{"line":179,"column":68}},"line":179},"20":{"name":"(anonymous_20)","decl":{"start":{"line":193,"column":38},"end":{"line":193,"column":39}},"loc":{"start":{"line":193,"column":50},"end":{"line":202,"column":5}},"line":193},"21":{"name":"(anonymous_21)","decl":{"start":{"line":214,"column":24},"end":{"line":214,"column":25}},"loc":{"start":{"line":214,"column":36},"end":{"line":262,"column":1}},"line":214},"22":{"name":"(anonymous_22)","decl":{"start":{"line":264,"column":24},"end":{"line":264,"column":25}},"loc":{"start":{"line":264,"column":41},"end":{"line":274,"column":1}},"line":264},"23":{"name":"(anonymous_23)","decl":{"start":{"line":276,"column":30},"end":{"line":276,"column":31}},"loc":{"start":{"line":276,"column":63},"end":{"line":289,"column":1}},"line":276},"24":{"name":"(anonymous_24)","decl":{"start":{"line":281,"column":70},"end":{"line":281,"column":71}},"loc":{"start":{"line":281,"column":75},"end":{"line":281,"column":95}},"line":281},"25":{"name":"(anonymous_25)","decl":{"start":{"line":285,"column":70},"end":{"line":285,"column":71}},"loc":{"start":{"line":285,"column":75},"end":{"line":285,"column":98}},"line":285},"26":{"name":"(anonymous_26)","decl":{"start":{"line":292,"column":20},"end":{"line":292,"column":21}},"loc":{"start":{"line":292,"column":33},"end":{"line":294,"column":1}},"line":292},"27":{"name":"(anonymous_27)","decl":{"start":{"line":297,"column":19},"end":{"line":297,"column":20}},"loc":{"start":{"line":297,"column":35},"end":{"line":302,"column":1}},"line":297},"28":{"name":"(anonymous_28)","decl":{"start":{"line":304,"column":18},"end":{"line":304,"column":19}},"loc":{"start":{"line":304,"column":30},"end":{"line":307,"column":1}},"line":304},"29":{"name":"(anonymous_29)","decl":{"start":{"line":309,"column":26},"end":{"line":309,"column":27}},"loc":{"start":{"line":309,"column":38},"end":{"line":312,"column":1}},"line":309},"30":{"name":"(anonymous_30)","decl":{"start":{"line":314,"column":24},"end":{"line":314,"column":25}},"loc":{"start":{"line":314,"column":36},"end":{"line":316,"column":1}},"line":314},"31":{"name":"(anonymous_31)","decl":{"start":{"line":318,"column":24},"end":{"line":318,"column":25}},"loc":{"start":{"line":318,"column":36},"end":{"line":320,"column":1}},"line":318},"32":{"name":"(anonymous_32)","decl":{"start":{"line":322,"column":20},"end":{"line":322,"column":21}},"loc":{"start":{"line":322,"column":32},"end":{"line":324,"column":1}},"line":322},"33":{"name":"(anonymous_33)","decl":{"start":{"line":326,"column":26},"end":{"line":326,"column":27}},"loc":{"start":{"line":326,"column":38},"end":{"line":329,"column":1}},"line":326},"34":{"name":"(anonymous_34)","decl":{"start":{"line":333,"column":27},"end":{"line":333,"column":28}},"loc":{"start":{"line":333,"column":47},"end":{"line":343,"column":1}},"line":333},"35":{"name":"(anonymous_35)","decl":{"start":{"line":345,"column":25},"end":{"line":345,"column":26}},"loc":{"start":{"line":345,"column":37},"end":{"line":375,"column":1}},"line":345},"36":{"name":"(anonymous_36)","decl":{"start":{"line":377,"column":25},"end":{"line":377,"column":26}},"loc":{"start":{"line":377,"column":37},"end":{"line":411,"column":1}},"line":377},"37":{"name":"(anonymous_37)","decl":{"start":{"line":415,"column":36},"end":{"line":415,"column":37}},"loc":{"start":{"line":415,"column":48},"end":{"line":427,"column":1}},"line":415},"38":{"name":"(anonymous_38)","decl":{"start":{"line":429,"column":32},"end":{"line":429,"column":33}},"loc":{"start":{"line":429,"column":44},"end":{"line":446,"column":1}},"line":429},"39":{"name":"(anonymous_39)","decl":{"start":{"line":448,"column":32},"end":{"line":448,"column":33}},"loc":{"start":{"line":448,"column":44},"end":{"line":465,"column":1}},"line":448},"40":{"name":"(anonymous_40)","decl":{"start":{"line":469,"column":32},"end":{"line":469,"column":33}},"loc":{"start":{"line":469,"column":50},"end":{"line":505,"column":1}},"line":469},"41":{"name":"(anonymous_41)","decl":{"start":{"line":507,"column":26},"end":{"line":507,"column":27}},"loc":{"start":{"line":507,"column":38},"end":{"line":515,"column":1}},"line":507},"42":{"name":"(anonymous_42)","decl":{"start":{"line":509,"column":60},"end":{"line":509,"column":61}},"loc":{"start":{"line":509,"column":65},"end":{"line":509,"column":96}},"line":509},"43":{"name":"(anonymous_43)","decl":{"start":{"line":517,"column":31},"end":{"line":517,"column":32}},"loc":{"start":{"line":517,"column":43},"end":{"line":523,"column":1}},"line":517},"44":{"name":"(anonymous_44)","decl":{"start":{"line":525,"column":25},"end":{"line":525,"column":26}},"loc":{"start":{"line":525,"column":43},"end":{"line":527,"column":1}},"line":525},"45":{"name":"(anonymous_45)","decl":{"start":{"line":529,"column":31},"end":{"line":529,"column":32}},"loc":{"start":{"line":529,"column":43},"end":{"line":535,"column":1}},"line":529},"46":{"name":"(anonymous_46)","decl":{"start":{"line":537,"column":32},"end":{"line":537,"column":33}},"loc":{"start":{"line":537,"column":44},"end":{"line":577,"column":1}},"line":537},"47":{"name":"(anonymous_47)","decl":{"start":{"line":554,"column":14},"end":{"line":554,"column":15}},"loc":{"start":{"line":554,"column":25},"end":{"line":573,"column":5}},"line":554},"48":{"name":"(anonymous_48)","decl":{"start":{"line":579,"column":33},"end":{"line":579,"column":34}},"loc":{"start":{"line":579,"column":45},"end":{"line":596,"column":1}},"line":579},"49":{"name":"updateHeader","decl":{"start":{"line":586,"column":13},"end":{"line":586,"column":25}},"loc":{"start":{"line":586,"column":28},"end":{"line":592,"column":5}},"line":586},"50":{"name":"(anonymous_50)","decl":{"start":{"line":598,"column":46},"end":{"line":598,"column":47}},"loc":{"start":{"line":598,"column":52},"end":{"line":604,"column":1}},"line":598}},"branchMap":{"0":{"loc":{"start":{"line":25,"column":13},"end":{"line":25,"column":60}},"type":"binary-expr","locations":[{"start":{"line":25,"column":13},"end":{"line":25,"column":34}},{"start":{"line":25,"column":38},"end":{"line":25,"column":60}}],"line":25},"1":{"loc":{"start":{"line":30,"column":4},"end":{"line":32,"column":5}},"type":"if","locations":[{"start":{"line":30,"column":4},"end":{"line":32,"column":5}},{"start":{"line":30,"column":4},"end":{"line":32,"column":5}}],"line":30},"2":{"loc":{"start":{"line":36,"column":27},"end":{"line":36,"column":37}},"type":"default-arg","locations":[{"start":{"line":36,"column":36},"end":{"line":36,"column":37}}],"line":36},"3":{"loc":{"start":{"line":38,"column":4},"end":{"line":45,"column":5}},"type":"if","locations":[{"start":{"line":38,"column":4},"end":{"line":45,"column":5}},{"start":{"line":38,"column":4},"end":{"line":45,"column":5}}],"line":38},"4":{"loc":{"start":{"line":40,"column":8},"end":{"line":44,"column":9}},"type":"if","locations":[{"start":{"line":40,"column":8},"end":{"line":44,"column":9}},{"start":{"line":40,"column":8},"end":{"line":44,"column":9}}],"line":40},"5":{"loc":{"start":{"line":40,"column":12},"end":{"line":40,"column":62}},"type":"binary-expr","locations":[{"start":{"line":40,"column":12},"end":{"line":40,"column":44}},{"start":{"line":40,"column":48},"end":{"line":40,"column":62}}],"line":40},"6":{"loc":{"start":{"line":42,"column":15},"end":{"line":44,"column":9}},"type":"if","locations":[{"start":{"line":42,"column":15},"end":{"line":44,"column":9}},{"start":{"line":42,"column":15},"end":{"line":44,"column":9}}],"line":42},"7":{"loc":{"start":{"line":42,"column":19},"end":{"line":42,"column":66}},"type":"binary-expr","locations":[{"start":{"line":42,"column":19},"end":{"line":42,"column":51}},{"start":{"line":42,"column":55},"end":{"line":42,"column":66}}],"line":42},"8":{"loc":{"start":{"line":46,"column":11},"end":{"line":46,"column":45}},"type":"binary-expr","locations":[{"start":{"line":46,"column":11},"end":{"line":46,"column":25}},{"start":{"line":46,"column":29},"end":{"line":46,"column":45}}],"line":46},"9":{"loc":{"start":{"line":49,"column":35},"end":{"line":49,"column":45}},"type":"default-arg","locations":[{"start":{"line":49,"column":44},"end":{"line":49,"column":45}}],"line":49},"10":{"loc":{"start":{"line":52,"column":4},"end":{"line":54,"column":5}},"type":"if","locations":[{"start":{"line":52,"column":4},"end":{"line":54,"column":5}},{"start":{"line":52,"column":4},"end":{"line":54,"column":5}}],"line":52},"11":{"loc":{"start":{"line":52,"column":8},"end":{"line":52,"column":40}},"type":"binary-expr","locations":[{"start":{"line":52,"column":8},"end":{"line":52,"column":22}},{"start":{"line":52,"column":26},"end":{"line":52,"column":40}}],"line":52},"12":{"loc":{"start":{"line":63,"column":4},"end":{"line":67,"column":5}},"type":"if","locations":[{"start":{"line":63,"column":4},"end":{"line":67,"column":5}},{"start":{"line":63,"column":4},"end":{"line":67,"column":5}}],"line":63},"13":{"loc":{"start":{"line":64,"column":37},"end":{"line":64,"column":79}},"type":"binary-expr","locations":[{"start":{"line":64,"column":37},"end":{"line":64,"column":64}},{"start":{"line":64,"column":68},"end":{"line":64,"column":79}}],"line":64},"14":{"loc":{"start":{"line":66,"column":37},"end":{"line":66,"column":98}},"type":"cond-expr","locations":[{"start":{"line":66,"column":72},"end":{"line":66,"column":84}},{"start":{"line":66,"column":87},"end":{"line":66,"column":98}}],"line":66},"15":{"loc":{"start":{"line":73,"column":67},"end":{"line":73,"column":120}},"type":"cond-expr","locations":[{"start":{"line":73,"column":114},"end":{"line":73,"column":115}},{"start":{"line":73,"column":118},"end":{"line":73,"column":120}}],"line":73},"16":{"loc":{"start":{"line":81,"column":12},"end":{"line":83,"column":13}},"type":"if","locations":[{"start":{"line":81,"column":12},"end":{"line":83,"column":13}},{"start":{"line":81,"column":12},"end":{"line":83,"column":13}}],"line":81},"17":{"loc":{"start":{"line":84,"column":12},"end":{"line":86,"column":13}},"type":"if","locations":[{"start":{"line":84,"column":12},"end":{"line":86,"column":13}},{"start":{"line":84,"column":12},"end":{"line":86,"column":13}}],"line":84},"18":{"loc":{"start":{"line":107,"column":12},"end":{"line":111,"column":13}},"type":"if","locations":[{"start":{"line":107,"column":12},"end":{"line":111,"column":13}},{"start":{"line":107,"column":12},"end":{"line":111,"column":13}}],"line":107},"19":{"loc":{"start":{"line":120,"column":16},"end":{"line":127,"column":17}},"type":"if","locations":[{"start":{"line":120,"column":16},"end":{"line":127,"column":17}},{"start":{"line":120,"column":16},"end":{"line":127,"column":17}}],"line":120},"20":{"loc":{"start":{"line":132,"column":8},"end":{"line":137,"column":9}},"type":"if","locations":[{"start":{"line":132,"column":8},"end":{"line":137,"column":9}},{"start":{"line":132,"column":8},"end":{"line":137,"column":9}}],"line":132},"21":{"loc":{"start":{"line":150,"column":12},"end":{"line":163,"column":13}},"type":"if","locations":[{"start":{"line":150,"column":12},"end":{"line":163,"column":13}},{"start":{"line":150,"column":12},"end":{"line":163,"column":13}}],"line":150},"22":{"loc":{"start":{"line":154,"column":31},"end":{"line":154,"column":58}},"type":"cond-expr","locations":[{"start":{"line":154,"column":39},"end":{"line":154,"column":54}},{"start":{"line":154,"column":57},"end":{"line":154,"column":58}}],"line":154},"23":{"loc":{"start":{"line":158,"column":35},"end":{"line":160,"column":49}},"type":"cond-expr","locations":[{"start":{"line":159,"column":22},"end":{"line":159,"column":65}},{"start":{"line":160,"column":22},"end":{"line":160,"column":49}}],"line":158},"24":{"loc":{"start":{"line":185,"column":4},"end":{"line":190,"column":5}},"type":"if","locations":[{"start":{"line":185,"column":4},"end":{"line":190,"column":5}},{"start":{"line":185,"column":4},"end":{"line":190,"column":5}}],"line":185},"25":{"loc":{"start":{"line":188,"column":37},"end":{"line":188,"column":91}},"type":"cond-expr","locations":[{"start":{"line":188,"column":65},"end":{"line":188,"column":77}},{"start":{"line":188,"column":80},"end":{"line":188,"column":91}}],"line":188},"26":{"loc":{"start":{"line":195,"column":8},"end":{"line":197,"column":9}},"type":"if","locations":[{"start":{"line":195,"column":8},"end":{"line":197,"column":9}},{"start":{"line":195,"column":8},"end":{"line":197,"column":9}}],"line":195},"27":{"loc":{"start":{"line":217,"column":4},"end":{"line":222,"column":5}},"type":"if","locations":[{"start":{"line":217,"column":4},"end":{"line":222,"column":5}},{"start":{"line":217,"column":4},"end":{"line":222,"column":5}}],"line":217},"28":{"loc":{"start":{"line":217,"column":8},"end":{"line":217,"column":42}},"type":"binary-expr","locations":[{"start":{"line":217,"column":8},"end":{"line":217,"column":23}},{"start":{"line":217,"column":27},"end":{"line":217,"column":42}}],"line":217},"29":{"loc":{"start":{"line":245,"column":4},"end":{"line":250,"column":5}},"type":"if","locations":[{"start":{"line":245,"column":4},"end":{"line":250,"column":5}},{"start":{"line":245,"column":4},"end":{"line":250,"column":5}}],"line":245},"30":{"loc":{"start":{"line":279,"column":4},"end":{"line":288,"column":5}},"type":"if","locations":[{"start":{"line":279,"column":4},"end":{"line":288,"column":5}},{"start":{"line":279,"column":4},"end":{"line":288,"column":5}}],"line":279},"31":{"loc":{"start":{"line":280,"column":8},"end":{"line":287,"column":9}},"type":"if","locations":[{"start":{"line":280,"column":8},"end":{"line":287,"column":9}},{"start":{"line":280,"column":8},"end":{"line":287,"column":9}}],"line":280},"32":{"loc":{"start":{"line":301,"column":23},"end":{"line":301,"column":50}},"type":"cond-expr","locations":[{"start":{"line":301,"column":43},"end":{"line":301,"column":46}},{"start":{"line":301,"column":49},"end":{"line":301,"column":50}}],"line":301},"33":{"loc":{"start":{"line":335,"column":4},"end":{"line":337,"column":5}},"type":"if","locations":[{"start":{"line":335,"column":4},"end":{"line":337,"column":5}},{"start":{"line":335,"column":4},"end":{"line":337,"column":5}}],"line":335},"34":{"loc":{"start":{"line":339,"column":4},"end":{"line":341,"column":5}},"type":"if","locations":[{"start":{"line":339,"column":4},"end":{"line":341,"column":5}},{"start":{"line":339,"column":4},"end":{"line":341,"column":5}}],"line":339},"35":{"loc":{"start":{"line":353,"column":8},"end":{"line":355,"column":9}},"type":"if","locations":[{"start":{"line":353,"column":8},"end":{"line":355,"column":9}},{"start":{"line":353,"column":8},"end":{"line":355,"column":9}}],"line":353},"36":{"loc":{"start":{"line":357,"column":8},"end":{"line":359,"column":9}},"type":"if","locations":[{"start":{"line":357,"column":8},"end":{"line":359,"column":9}},{"start":{"line":357,"column":8},"end":{"line":359,"column":9}}],"line":357},"37":{"loc":{"start":{"line":383,"column":4},"end":{"line":385,"column":5}},"type":"if","locations":[{"start":{"line":383,"column":4},"end":{"line":385,"column":5}},{"start":{"line":383,"column":4},"end":{"line":385,"column":5}}],"line":383},"38":{"loc":{"start":{"line":387,"column":11},"end":{"line":387,"column":40}},"type":"binary-expr","locations":[{"start":{"line":387,"column":11},"end":{"line":387,"column":20}},{"start":{"line":387,"column":24},"end":{"line":387,"column":40}}],"line":387},"39":{"loc":{"start":{"line":390,"column":8},"end":{"line":392,"column":9}},"type":"if","locations":[{"start":{"line":390,"column":8},"end":{"line":392,"column":9}},{"start":{"line":390,"column":8},"end":{"line":392,"column":9}}],"line":390},"40":{"loc":{"start":{"line":403,"column":8},"end":{"line":405,"column":9}},"type":"if","locations":[{"start":{"line":403,"column":8},"end":{"line":405,"column":9}},{"start":{"line":403,"column":8},"end":{"line":405,"column":9}}],"line":403},"41":{"loc":{"start":{"line":416,"column":4},"end":{"line":418,"column":5}},"type":"if","locations":[{"start":{"line":416,"column":4},"end":{"line":418,"column":5}},{"start":{"line":416,"column":4},"end":{"line":418,"column":5}}],"line":416},"42":{"loc":{"start":{"line":424,"column":9},"end":{"line":424,"column":36}},"type":"cond-expr","locations":[{"start":{"line":424,"column":31},"end":{"line":424,"column":32}},{"start":{"line":424,"column":35},"end":{"line":424,"column":36}}],"line":424},"43":{"loc":{"start":{"line":425,"column":11},"end":{"line":425,"column":36}},"type":"cond-expr","locations":[{"start":{"line":425,"column":31},"end":{"line":425,"column":32}},{"start":{"line":425,"column":35},"end":{"line":425,"column":36}}],"line":425},"44":{"loc":{"start":{"line":430,"column":4},"end":{"line":444,"column":5}},"type":"if","locations":[{"start":{"line":430,"column":4},"end":{"line":444,"column":5}},{"start":{"line":430,"column":4},"end":{"line":444,"column":5}}],"line":430},"45":{"loc":{"start":{"line":437,"column":8},"end":{"line":443,"column":9}},"type":"if","locations":[{"start":{"line":437,"column":8},"end":{"line":443,"column":9}},{"start":{"line":437,"column":8},"end":{"line":443,"column":9}}],"line":437},"46":{"loc":{"start":{"line":449,"column":4},"end":{"line":463,"column":5}},"type":"if","locations":[{"start":{"line":449,"column":4},"end":{"line":463,"column":5}},{"start":{"line":449,"column":4},"end":{"line":463,"column":5}}],"line":449},"47":{"loc":{"start":{"line":456,"column":8},"end":{"line":462,"column":9}},"type":"if","locations":[{"start":{"line":456,"column":8},"end":{"line":462,"column":9}},{"start":{"line":456,"column":8},"end":{"line":462,"column":9}}],"line":456},"48":{"loc":{"start":{"line":472,"column":4},"end":{"line":474,"column":5}},"type":"if","locations":[{"start":{"line":472,"column":4},"end":{"line":474,"column":5}},{"start":{"line":472,"column":4},"end":{"line":474,"column":5}}],"line":472},"49":{"loc":{"start":{"line":476,"column":4},"end":{"line":504,"column":5}},"type":"if","locations":[{"start":{"line":476,"column":4},"end":{"line":504,"column":5}},{"start":{"line":476,"column":4},"end":{"line":504,"column":5}}],"line":476},"50":{"loc":{"start":{"line":481,"column":15},"end":{"line":481,"column":55}},"type":"binary-expr","locations":[{"start":{"line":481,"column":15},"end":{"line":481,"column":24}},{"start":{"line":481,"column":28},"end":{"line":481,"column":55}}],"line":481},"51":{"loc":{"start":{"line":484,"column":12},"end":{"line":486,"column":13}},"type":"if","locations":[{"start":{"line":484,"column":12},"end":{"line":486,"column":13}},{"start":{"line":484,"column":12},"end":{"line":486,"column":13}}],"line":484},"52":{"loc":{"start":{"line":519,"column":4},"end":{"line":522,"column":5}},"type":"if","locations":[{"start":{"line":519,"column":4},"end":{"line":522,"column":5}},{"start":{"line":519,"column":4},"end":{"line":522,"column":5}}],"line":519},"53":{"loc":{"start":{"line":539,"column":4},"end":{"line":539,"column":56}},"type":"if","locations":[{"start":{"line":539,"column":4},"end":{"line":539,"column":56}},{"start":{"line":539,"column":4},"end":{"line":539,"column":56}}],"line":539},"54":{"loc":{"start":{"line":541,"column":4},"end":{"line":543,"column":5}},"type":"if","locations":[{"start":{"line":541,"column":4},"end":{"line":543,"column":5}},{"start":{"line":541,"column":4},"end":{"line":543,"column":5}}],"line":541},"55":{"loc":{"start":{"line":558,"column":8},"end":{"line":570,"column":9}},"type":"if","locations":[{"start":{"line":558,"column":8},"end":{"line":570,"column":9}},{"start":{"line":558,"column":8},"end":{"line":570,"column":9}}],"line":558},"56":{"loc":{"start":{"line":587,"column":8},"end":{"line":591,"column":9}},"type":"if","locations":[{"start":{"line":587,"column":8},"end":{"line":591,"column":9}},{"start":{"line":587,"column":8},"end":{"line":591,"column":9}}],"line":587},"57":{"loc":{"start":{"line":599,"column":4},"end":{"line":603,"column":5}},"type":"if","locations":[{"start":{"line":599,"column":4},"end":{"line":603,"column":5}},{"start":{"line":599,"column":4},"end":{"line":603,"column":5}}],"line":599}},"s":{"0":0,"1":0,"2":0,"3":0,"4":0,"5":0,"6":0,"7":0,"8":0,"9":0,"10":0,"11":0,"12":0,"13":0,"14":0,"15":0,"16":0,"17":0,"18":0,"19":0,"20":0,"21":0,"22":0,"23":0,"24":0,"25":0,"26":0,"27":0,"28":0,"29":0,"30":0,"31":0,"32":0,"33":0,"34":0,"35":0,"36":0,"37":0,"38":0,"39":0,"40":0,"41":0,"42":0,"43":0,"44":0,"45":0,"46":0,"47":0,"48":0,"49":0,"50":0,"51":0,"52":0,"53":0,"54":0,"55":0,"56":0,"57":0,"58":0,"59":0,"60":0,"61":0,"62":0,"63":0,"64":0,"65":0,"66":0,"67":0,"68":0,"69":0,"70":0,"71":0,"72":0,"73":0,"74":0,"75":0,"76":0,"77":0,"78":0,"79":0,"80":0,"81":0,"82":0,"83":0,"84":0,"85":0,"86":0,"87":0,"88":0,"89":0,"90":0,"91":0,"92":0,"93":0,"94":0,"95":0,"96":0,"97":0,"98":0,"99":0,"100":0,"101":0,"102":0,"103":0,"104":0,"105":0,"106":0,"107":0,"108":0,"109":0,"110":0,"111":0,"112":0,"113":0,"114":0,"115":0,"116":0,"117":0,"118":0,"119":0,"120":0,"121":0,"122":0,"123":0,"124":0,"125":0,"126":0,"127":0,"128":0,"129":0,"130":0,"131":0,"132":0,"133":0,"134":0,"135":0,"136":0,"137":0,"138":0,"139":0,"140":0,"141":0,"142":0,"143":0,"144":0,"145":0,"146":0,"147":0,"148":0,"149":0,"150":0,"151":0,"152":0,"153":0,"154":0,"155":0,"156":0,"157":0,"158":0,"159":0,"160":0,"161":0,"162":0,"163":0,"164":0,"165":0,"166":0,"167":0,"168":0,"169":0,"170":0,"171":0,"172":0,"173":0,"174":0,"175":0,"176":0,"177":0,"178":0,"179":0,"180":0,"181":0,"182":0,"183":0,"184":0,"185":0,"186":0,"187":0,"188":0,"189":0,"190":0,"191":0,"192":0,"193":0,"194":0,"195":0,"196":0,"197":0,"198":0,"199":0,"200":0,"201":0,"202":0,"203":0,"204":0,"205":0,"206":0,"207":0,"208":0,"209":0,"210":0,"211":0,"212":0,"213":0,"214":0,"215":0,"216":0,"217":0,"218":0,"219":0,"220":0,"221":0,"222":0,"223":0,"224":0,"225":0,"226":0,"227":0,"228":0,"229":0,"230":0,"231":0,"232":0,"233":0,"234":0,"235":0,"236":0,"237":0,"238":0,"239":0,"240":0,"241":0,"242":0,"243":0,"244":0,"245":0,"246":0,"247":0,"248":0,"249":0,"250":0,"251":0,"252":0,"253":0,"254":0,"255":0,"256":0,"257":0,"258":0,"259":0,"260":0,"261":0,"262":0,"263":0,"264":0,"265":0,"266":0,"267":0,"268":0,"269":0,"270":0,"271":0,"272":0,"273":0,"274":0,"275":0,"276":0,"277":0,"278":0,"279":0,"280":0,"281":0,"282":0,"283":0,"284":0,"285":0,"286":0,"287":0,"288":0,"289":0,"290":0,"291":0,"292":0,"293":0,"294":0,"295":0,"296":0,"297":0,"298":0,"299":0,"300":0,"301":0,"302":0,"303":0,"304":0,"305":0,"306":0,"307":0,"308":0,"309":0,"310":0,"311":0,"312":0,"313":0,"314":0,"315":0,"316":0,"317":0,"318":0,"319":0,"320":0},"f":{"0":0,"1":0,"2":0,"3":0,"4":0,"5":0,"6":0,"7":0,"8":0,"9":0,"10":0,"11":0,"12":0,"13":0,"14":0,"15":0,"16":0,"17":0,"18":0,"19":0,"20":0,"21":0,"22":0,"23":0,"24":0,"25":0,"26":0,"27":0,"28":0,"29":0,"30":0,"31":0,"32":0,"33":0,"34":0,"35":0,"36":0,"37":0,"38":0,"39":0,"40":0,"41":0,"42":0,"43":0,"44":0,"45":0,"46":0,"47":0,"48":0,"49":0,"50":0},"b":{"0":[0,0],"1":[0,0],"2":[0],"3":[0,0],"4":[0,0],"5":[0,0],"6":[0,0],"7":[0,0],"8":[0,0],"9":[0],"10":[0,0],"11":[0,0],"12":[0,0],"13":[0,0],"14":[0,0],"15":[0,0],"16":[0,0],"17":[0,0],"18":[0,0],"19":[0,0],"20":[0,0],"21":[0,0],"22":[0,0],"23":[0,0],"24":[0,0],"25":[0,0],"26":[0,0],"27":[0,0],"28":[0,0],"29":[0,0],"30":[0,0],"31":[0,0],"32":[0,0],"33":[0,0],"34":[0,0],"35":[0,0],"36":[0,0],"37":[0,0],"38":[0,0],"39":[0,0],"40":[0,0],"41":[0,0],"42":[0,0],"43":[0,0],"44":[0,0],"45":[0,0],"46":[0,0],"47":[0,0],"48":[0,0],"49":[0,0],"50":[0,0],"51":[0,0],"52":[0,0],"53":[0,0],"54":[0,0],"55":[0,0],"56":[0,0],"57":[0,0]}},"/Users/sholloway/Documents/Code/big-data-tables/.venv/lib/python3.10/site-packages/pdoc/templates/build-search-index.js":{"path":"/Users/sholloway/Documents/Code/big-data-tables/.venv/lib/python3.10/site-packages/pdoc/templates/build-search-index.js","statementMap":{"0":{"start":{"line":5,"column":18},"end":{"line":5,"column":56}},"1":{"start":{"line":7,"column":9},"end":{"line":7,"column":22}},"2":{"start":{"line":8,"column":11},"end":{"line":8,"column":50}},"3":{"start":{"line":11,"column":0},"end":{"line":11,"column":64}},"4":{"start":{"line":14,"column":0},"end":{"line":25,"column":3}},"5":{"start":{"line":15,"column":4},"end":{"line":15,"column":46}},"6":{"start":{"line":16,"column":4},"end":{"line":16,"column":53}},"7":{"start":{"line":17,"column":4},"end":{"line":17,"column":30}},"8":{"start":{"line":18,"column":4},"end":{"line":18,"column":30}},"9":{"start":{"line":19,"column":4},"end":{"line":19,"column":32}},"10":{"start":{"line":20,"column":4},"end":{"line":20,"column":35}},"11":{"start":{"line":21,"column":4},"end":{"line":21,"column":31}},"12":{"start":{"line":22,"column":4},"end":{"line":22,"column":27}},"13":{"start":{"line":23,"column":4},"end":{"line":23,"column":25}},"14":{"start":{"line":24,"column":4},"end":{"line":24,"column":28}},"15":{"start":{"line":26,"column":0},"end":{"line":28,"column":1}},"16":{"start":{"line":27,"column":4},"end":{"line":27,"column":28}},"17":{"start":{"line":30,"column":0},"end":{"line":30,"column":59}}},"fnMap":{"0":{"name":"(anonymous_0)","decl":{"start":{"line":14,"column":26},"end":{"line":14,"column":27}},"loc":{"start":{"line":14,"column":38},"end":{"line":25,"column":1}},"line":14}},"branchMap":{},"s":{"0":0,"1":0,"2":0,"3":0,"4":0,"5":0,"6":0,"7":0,"8":0,"9":0,"10":0,"11":0,"12":0,"13":0,"14":0,"15":0,"16":0,"17":0},"f":{"0":0},"b":{}},"/Users/sholloway/Documents/Code/big-data-tables/.venv/lib/python3.10/site-packages/pdoc/templates/resources/elasticlunr.min.js":{"path":"/Users/sholloway/Documents/Code/big-data-tables/.venv/lib/python3.10/site-packages/pdoc/templates/resources/elasticlunr.min.js","statementMap":{"0":{"start":{"line":1,"column":131},"end":{"line":1,"column":17928}},"1":{"start":{"line":1,"column":157},"end":{"line":1,"column":198}},"2":{"start":{"line":1,"column":189},"end":{"line":1,"column":198}},"3":{"start":{"line":1,"column":204},"end":{"line":1,"column":219}},"4":{"start":{"line":1,"column":220},"end":{"line":1,"column":268}},"5":{"start":{"line":1,"column":235},"end":{"line":1,"column":268}},"6":{"start":{"line":1,"column":268},"end":{"line":1,"column":276}},"7":{"start":{"line":1,"column":283},"end":{"line":1,"column":390}},"8":{"start":{"line":1,"column":301},"end":{"line":1,"column":312}},"9":{"start":{"line":1,"column":313},"end":{"line":1,"column":389}},"10":{"start":{"line":1,"column":391},"end":{"line":1,"column":17924}},"11":{"start":{"line":1,"column":452},"end":{"line":1,"column":512}},"12":{"start":{"line":1,"column":471},"end":{"line":1,"column":511}},"13":{"start":{"line":1,"column":549},"end":{"line":1,"column":592}},"14":{"start":{"line":1,"column":620},"end":{"line":1,"column":634}},"15":{"start":{"line":1,"column":690},"end":{"line":1,"column":727}},"16":{"start":{"line":1,"column":730},"end":{"line":1,"column":737}},"17":{"start":{"line":1,"column":740},"end":{"line":1,"column":741}},"18":{"start":{"line":1,"column":742},"end":{"line":1,"column":822}},"19":{"start":{"line":1,"column":766},"end":{"line":1,"column":822}},"20":{"start":{"line":1,"column":822},"end":{"line":1,"column":913}},"21":{"start":{"line":1,"column":844},"end":{"line":1,"column":906}},"22":{"start":{"line":1,"column":969},"end":{"line":1,"column":1109}},"23":{"start":{"line":1,"column":998},"end":{"line":1,"column":1023}},"24":{"start":{"line":1,"column":1024},"end":{"line":1,"column":1108}},"25":{"start":{"line":1,"column":1153},"end":{"line":1,"column":1282}},"26":{"start":{"line":1,"column":1182},"end":{"line":1,"column":1221}},"27":{"start":{"line":1,"column":1222},"end":{"line":1,"column":1281}},"28":{"start":{"line":1,"column":1257},"end":{"line":1,"column":1274}},"29":{"start":{"line":1,"column":1332},"end":{"line":1,"column":1355}},"30":{"start":{"line":1,"column":1381},"end":{"line":1,"column":1433}},"31":{"start":{"line":1,"column":1424},"end":{"line":1,"column":1433}},"32":{"start":{"line":1,"column":1433},"end":{"line":1,"column":1678}},"33":{"start":{"line":1,"column":1460},"end":{"line":1,"column":1516}},"34":{"start":{"line":1,"column":1481},"end":{"line":1,"column":1514}},"35":{"start":{"line":1,"column":1517},"end":{"line":1,"column":1580}},"36":{"start":{"line":1,"column":1537},"end":{"line":1,"column":1577}},"37":{"start":{"line":1,"column":1586},"end":{"line":1,"column":1588}},"38":{"start":{"line":1,"column":1589},"end":{"line":1,"column":1677}},"39":{"start":{"line":1,"column":1624},"end":{"line":1,"column":1654}},"40":{"start":{"line":1,"column":1655},"end":{"line":1,"column":1668}},"41":{"start":{"line":1,"column":1678},"end":{"line":1,"column":1747}},"42":{"start":{"line":1,"column":1876},"end":{"line":1,"column":1943}},"43":{"start":{"line":1,"column":1983},"end":{"line":1,"column":2033}},"44":{"start":{"line":1,"column":2071},"end":{"line":1,"column":2099}},"45":{"start":{"line":1,"column":2123},"end":{"line":1,"column":2137}},"46":{"start":{"line":1,"column":2215},"end":{"line":1,"column":2358}},"47":{"start":{"line":1,"column":2405},"end":{"line":1,"column":2490}},"48":{"start":{"line":1,"column":2549},"end":{"line":1,"column":2593}},"49":{"start":{"line":1,"column":2594},"end":{"line":1,"column":2710}},"50":{"start":{"line":1,"column":2746},"end":{"line":1,"column":2760}},"51":{"start":{"line":1,"column":2761},"end":{"line":1,"column":2908}},"52":{"start":{"line":1,"column":2796},"end":{"line":1,"column":2831}},"53":{"start":{"line":1,"column":2832},"end":{"line":1,"column":2896}},"54":{"start":{"line":1,"column":2838},"end":{"line":1,"column":2896}},"55":{"start":{"line":1,"column":2896},"end":{"line":1,"column":2904}},"56":{"start":{"line":1,"column":2952},"end":{"line":1,"column":2989}},"57":{"start":{"line":1,"column":2990},"end":{"line":1,"column":3080}},"58":{"start":{"line":1,"column":3012},"end":{"line":1,"column":3073}},"59":{"start":{"line":1,"column":3123},"end":{"line":1,"column":3165}},"60":{"start":{"line":1,"column":3171},"end":{"line":1,"column":3193}},"61":{"start":{"line":1,"column":3194},"end":{"line":1,"column":3246}},"62":{"start":{"line":1,"column":3204},"end":{"line":1,"column":3246}},"63":{"start":{"line":1,"column":3246},"end":{"line":1,"column":3273}},"64":{"start":{"line":1,"column":3317},"end":{"line":1,"column":3359}},"65":{"start":{"line":1,"column":3365},"end":{"line":1,"column":3387}},"66":{"start":{"line":1,"column":3388},"end":{"line":1,"column":3440}},"67":{"start":{"line":1,"column":3398},"end":{"line":1,"column":3440}},"68":{"start":{"line":1,"column":3440},"end":{"line":1,"column":3465}},"69":{"start":{"line":1,"column":3513},"end":{"line":1,"column":3535}},"70":{"start":{"line":1,"column":3536},"end":{"line":1,"column":3567}},"71":{"start":{"line":1,"column":3606},"end":{"line":1,"column":3772}},"72":{"start":{"line":1,"column":3616},"end":{"line":1,"column":3618}},"73":{"start":{"line":1,"column":3621},"end":{"line":1,"column":3629}},"74":{"start":{"line":1,"column":3632},"end":{"line":1,"column":3650}},"75":{"start":{"line":1,"column":3653},"end":{"line":1,"column":3654}},"76":{"start":{"line":1,"column":3664},"end":{"line":1,"column":3740}},"77":{"start":{"line":1,"column":3674},"end":{"line":1,"column":3678}},"78":{"start":{"line":1,"column":3681},"end":{"line":1,"column":3682}},"79":{"start":{"line":1,"column":3740},"end":{"line":1,"column":3771}},"80":{"start":{"line":1,"column":3772},"end":{"line":1,"column":3780}},"81":{"start":{"line":1,"column":3820},"end":{"line":1,"column":3834}},"82":{"start":{"line":1,"column":3872},"end":{"line":1,"column":3890}},"83":{"start":{"line":1,"column":3931},"end":{"line":1,"column":4024}},"84":{"start":{"line":1,"column":3966},"end":{"line":1,"column":4022}},"85":{"start":{"line":1,"column":4045},"end":{"line":1,"column":4286}},"86":{"start":{"line":1,"column":4256},"end":{"line":1,"column":4273}},"87":{"start":{"line":1,"column":4326},"end":{"line":1,"column":4363}},"88":{"start":{"line":1,"column":4364},"end":{"line":1,"column":4427}},"89":{"start":{"line":1,"column":4465},"end":{"line":1,"column":4509}},"90":{"start":{"line":1,"column":4536},"end":{"line":1,"column":4636}},"91":{"start":{"line":1,"column":4642},"end":{"line":1,"column":4650}},"92":{"start":{"line":1,"column":4651},"end":{"line":1,"column":4787}},"93":{"start":{"line":1,"column":4787},"end":{"line":1,"column":4852}},"94":{"start":{"line":1,"column":4808},"end":{"line":1,"column":4852}},"95":{"start":{"line":1,"column":4852},"end":{"line":1,"column":4860}},"96":{"start":{"line":1,"column":4901},"end":{"line":1,"column":4967}},"97":{"start":{"line":1,"column":5006},"end":{"line":1,"column":5029}},"98":{"start":{"line":1,"column":5074},"end":{"line":1,"column":5127}},"99":{"start":{"line":1,"column":5168},"end":{"line":1,"column":5555}},"100":{"start":{"line":1,"column":5180},"end":{"line":1,"column":5195}},"101":{"start":{"line":1,"column":5198},"end":{"line":1,"column":5210}},"102":{"start":{"line":1,"column":5211},"end":{"line":1,"column":5554}},"103":{"start":{"line":1,"column":5281},"end":{"line":1,"column":5317}},"104":{"start":{"line":1,"column":5318},"end":{"line":1,"column":5366}},"105":{"start":{"line":1,"column":5372},"end":{"line":1,"column":5374}},"106":{"start":{"line":1,"column":5375},"end":{"line":1,"column":5426}},"107":{"start":{"line":1,"column":5397},"end":{"line":1,"column":5418}},"108":{"start":{"line":1,"column":5426},"end":{"line":1,"column":5507}},"109":{"start":{"line":1,"column":5448},"end":{"line":1,"column":5452}},"110":{"start":{"line":1,"column":5453},"end":{"line":1,"column":5506}},"111":{"start":{"line":1,"column":5602},"end":{"line":1,"column":5733}},"112":{"start":{"line":1,"column":5683},"end":{"line":1,"column":5711}},"113":{"start":{"line":1,"column":5712},"end":{"line":1,"column":5732}},"114":{"start":{"line":1,"column":5777},"end":{"line":1,"column":6070}},"115":{"start":{"line":1,"column":5789},"end":{"line":1,"column":5804}},"116":{"start":{"line":1,"column":5807},"end":{"line":1,"column":5819}},"117":{"start":{"line":1,"column":5820},"end":{"line":1,"column":6069}},"118":{"start":{"line":1,"column":5922},"end":{"line":1,"column":5958}},"119":{"start":{"line":1,"column":5959},"end":{"line":1,"column":6018}},"120":{"start":{"line":1,"column":5981},"end":{"line":1,"column":6011}},"121":{"start":{"line":1,"column":6120},"end":{"line":1,"column":6135}},"122":{"start":{"line":1,"column":6136},"end":{"line":1,"column":6233}},"123":{"start":{"line":1,"column":6277},"end":{"line":1,"column":6288}},"124":{"start":{"line":1,"column":6289},"end":{"line":1,"column":6372}},"125":{"start":{"line":1,"column":6347},"end":{"line":1,"column":6372}},"126":{"start":{"line":1,"column":6378},"end":{"line":1,"column":6405}},"127":{"start":{"line":1,"column":6408},"end":{"line":1,"column":6451}},"128":{"start":{"line":1,"column":6452},"end":{"line":1,"column":6480}},"129":{"start":{"line":1,"column":6521},"end":{"line":1,"column":6548}},"130":{"start":{"line":1,"column":6589},"end":{"line":1,"column":6604}},"131":{"start":{"line":1,"column":6595},"end":{"line":1,"column":6604}},"132":{"start":{"line":1,"column":6604},"end":{"line":1,"column":6663}},"133":{"start":{"line":1,"column":6669},"end":{"line":1,"column":6673}},"134":{"start":{"line":1,"column":6674},"end":{"line":1,"column":6705}},"135":{"start":{"line":1,"column":6705},"end":{"line":1,"column":6856}},"136":{"start":{"line":1,"column":6715},"end":{"line":1,"column":6760}},"137":{"start":{"line":1,"column":6763},"end":{"line":1,"column":6765}},"138":{"start":{"line":1,"column":6768},"end":{"line":1,"column":6782}},"139":{"start":{"line":1,"column":6785},"end":{"line":1,"column":6786}},"140":{"start":{"line":1,"column":6809},"end":{"line":1,"column":6813}},"141":{"start":{"line":1,"column":6814},"end":{"line":1,"column":6855}},"142":{"start":{"line":1,"column":6862},"end":{"line":1,"column":6864}},"143":{"start":{"line":1,"column":6865},"end":{"line":1,"column":7019}},"144":{"start":{"line":1,"column":6887},"end":{"line":1,"column":6898}},"145":{"start":{"line":1,"column":6899},"end":{"line":1,"column":7018}},"146":{"start":{"line":1,"column":6911},"end":{"line":1,"column":6934}},"147":{"start":{"line":1,"column":6937},"end":{"line":1,"column":6947}},"148":{"start":{"line":1,"column":6948},"end":{"line":1,"column":6975}},"149":{"start":{"line":1,"column":6963},"end":{"line":1,"column":6975}},"150":{"start":{"line":1,"column":6975},"end":{"line":1,"column":7017}},"151":{"start":{"line":1,"column":6990},"end":{"line":1,"column":7017}},"152":{"start":{"line":1,"column":7027},"end":{"line":1,"column":7029}},"153":{"start":{"line":1,"column":7030},"end":{"line":1,"column":7143}},"154":{"start":{"line":1,"column":7045},"end":{"line":1,"column":7143}},"155":{"start":{"line":1,"column":7143},"end":{"line":1,"column":7197}},"156":{"start":{"line":1,"column":7171},"end":{"line":1,"column":7193}},"157":{"start":{"line":1,"column":7251},"end":{"line":1,"column":7260}},"158":{"start":{"line":1,"column":7263},"end":{"line":1,"column":7274}},"159":{"start":{"line":1,"column":7277},"end":{"line":1,"column":7287}},"160":{"start":{"line":1,"column":7290},"end":{"line":1,"column":7294}},"161":{"start":{"line":1,"column":7297},"end":{"line":1,"column":7299}},"162":{"start":{"line":1,"column":7300},"end":{"line":1,"column":7860}},"163":{"start":{"line":1,"column":7342},"end":{"line":1,"column":7345}},"164":{"start":{"line":1,"column":7346},"end":{"line":1,"column":7385}},"165":{"start":{"line":1,"column":7391},"end":{"line":1,"column":7393}},"166":{"start":{"line":1,"column":7394},"end":{"line":1,"column":7814}},"167":{"start":{"line":1,"column":7422},"end":{"line":1,"column":7446}},"168":{"start":{"line":1,"column":7449},"end":{"line":1,"column":7462}},"169":{"start":{"line":1,"column":7463},"end":{"line":1,"column":7527}},"170":{"start":{"line":1,"column":7485},"end":{"line":1,"column":7487}},"171":{"start":{"line":1,"column":7488},"end":{"line":1,"column":7523}},"172":{"start":{"line":1,"column":7503},"end":{"line":1,"column":7523}},"173":{"start":{"line":1,"column":7523},"end":{"line":1,"column":7526}},"174":{"start":{"line":1,"column":7527},"end":{"line":1,"column":7562}},"175":{"start":{"line":1,"column":7562},"end":{"line":1,"column":7781}},"176":{"start":{"line":1,"column":7584},"end":{"line":1,"column":7619}},"177":{"start":{"line":1,"column":7622},"end":{"line":1,"column":7660}},"178":{"start":{"line":1,"column":7663},"end":{"line":1,"column":7664}},"179":{"start":{"line":1,"column":7665},"end":{"line":1,"column":7690}},"180":{"start":{"line":1,"column":7696},"end":{"line":1,"column":7697}},"181":{"start":{"line":1,"column":7698},"end":{"line":1,"column":7745}},"182":{"start":{"line":1,"column":7751},"end":{"line":1,"column":7758}},"183":{"start":{"line":1,"column":7759},"end":{"line":1,"column":7780}},"184":{"start":{"line":1,"column":7908},"end":{"line":1,"column":7923}},"185":{"start":{"line":1,"column":7914},"end":{"line":1,"column":7923}},"186":{"start":{"line":1,"column":7923},"end":{"line":1,"column":7994}},"187":{"start":{"line":1,"column":7942},"end":{"line":1,"column":7944}},"188":{"start":{"line":1,"column":7945},"end":{"line":1,"column":7985}},"189":{"start":{"line":1,"column":7960},"end":{"line":1,"column":7985}},"190":{"start":{"line":1,"column":7985},"end":{"line":1,"column":7993}},"191":{"start":{"line":1,"column":7994},"end":{"line":1,"column":8037}},"192":{"start":{"line":1,"column":8009},"end":{"line":1,"column":8037}},"193":{"start":{"line":1,"column":8037},"end":{"line":1,"column":8045}},"194":{"start":{"line":1,"column":8098},"end":{"line":1,"column":8141}},"195":{"start":{"line":1,"column":8113},"end":{"line":1,"column":8141}},"196":{"start":{"line":1,"column":8187},"end":{"line":1,"column":8245}},"197":{"start":{"line":1,"column":8202},"end":{"line":1,"column":8245}},"198":{"start":{"line":1,"column":8219},"end":{"line":1,"column":8230}},"199":{"start":{"line":1,"column":8231},"end":{"line":1,"column":8244}},"200":{"start":{"line":1,"column":8245},"end":{"line":1,"column":8253}},"201":{"start":{"line":1,"column":8297},"end":{"line":1,"column":8299}},"202":{"start":{"line":1,"column":8300},"end":{"line":1,"column":8510}},"203":{"start":{"line":1,"column":8340},"end":{"line":1,"column":8367}},"204":{"start":{"line":1,"column":8552},"end":{"line":1,"column":8591}},"205":{"start":{"line":1,"column":8592},"end":{"line":1,"column":8623}},"206":{"start":{"line":1,"column":8653},"end":{"line":1,"column":8732}},"207":{"start":{"line":1,"column":8773},"end":{"line":1,"column":8781}},"208":{"start":{"line":1,"column":8782},"end":{"line":1,"column":8857}},"209":{"start":{"line":1,"column":8908},"end":{"line":1,"column":8925}},"210":{"start":{"line":1,"column":8974},"end":{"line":1,"column":9042}},"211":{"start":{"line":1,"column":9089},"end":{"line":1,"column":9133}},"212":{"start":{"line":1,"column":9180},"end":{"line":1,"column":9201}},"213":{"start":{"line":1,"column":9251},"end":{"line":1,"column":9325}},"214":{"start":{"line":1,"column":9384},"end":{"line":1,"column":9485}},"215":{"start":{"line":1,"column":9547},"end":{"line":1,"column":9614}},"216":{"start":{"line":1,"column":9671},"end":{"line":1,"column":9758}},"217":{"start":{"line":1,"column":9804},"end":{"line":1,"column":9882}},"218":{"start":{"line":1,"column":9911},"end":{"line":1,"column":10164}},"219":{"start":{"line":1,"column":10167},"end":{"line":1,"column":10235}},"220":{"start":{"line":1,"column":10238},"end":{"line":1,"column":10248}},"221":{"start":{"line":1,"column":10251},"end":{"line":1,"column":10261}},"222":{"start":{"line":1,"column":10264},"end":{"line":1,"column":10278}},"223":{"start":{"line":1,"column":10281},"end":{"line":1,"column":10293}},"224":{"start":{"line":1,"column":10296},"end":{"line":1,"column":10311}},"225":{"start":{"line":1,"column":10314},"end":{"line":1,"column":10341}},"226":{"start":{"line":1,"column":10344},"end":{"line":1,"column":10363}},"227":{"start":{"line":1,"column":10366},"end":{"line":1,"column":10379}},"228":{"start":{"line":1,"column":10382},"end":{"line":1,"column":10395}},"229":{"start":{"line":1,"column":10398},"end":{"line":1,"column":10411}},"230":{"start":{"line":1,"column":10414},"end":{"line":1,"column":10427}},"231":{"start":{"line":1,"column":10430},"end":{"line":1,"column":10443}},"232":{"start":{"line":1,"column":10446},"end":{"line":1,"column":10463}},"233":{"start":{"line":1,"column":10466},"end":{"line":1,"column":10482}},"234":{"start":{"line":1,"column":10485},"end":{"line":1,"column":10497}},"235":{"start":{"line":1,"column":10500},"end":{"line":1,"column":10517}},"236":{"start":{"line":1,"column":10520},"end":{"line":1,"column":10524}},"237":{"start":{"line":1,"column":10527},"end":{"line":1,"column":10540}},"238":{"start":{"line":1,"column":10543},"end":{"line":1,"column":10575}},"239":{"start":{"line":1,"column":10578},"end":{"line":1,"column":10612}},"240":{"start":{"line":1,"column":10615},"end":{"line":1,"column":10633}},"241":{"start":{"line":1,"column":10636},"end":{"line":1,"column":10774}},"242":{"start":{"line":1,"column":10777},"end":{"line":1,"column":10825}},"243":{"start":{"line":1,"column":10828},"end":{"line":1,"column":10913}},"244":{"start":{"line":1,"column":10916},"end":{"line":1,"column":10935}},"245":{"start":{"line":1,"column":10938},"end":{"line":1,"column":10948}},"246":{"start":{"line":1,"column":10951},"end":{"line":1,"column":10956}},"247":{"start":{"line":1,"column":10959},"end":{"line":1,"column":10993}},"248":{"start":{"line":1,"column":10996},"end":{"line":1,"column":11935}},"249":{"start":{"line":1,"column":11026},"end":{"line":1,"column":11049}},"250":{"start":{"line":1,"column":11040},"end":{"line":1,"column":11049}},"251":{"start":{"line":1,"column":11049},"end":{"line":1,"column":11406}},"252":{"start":{"line":1,"column":11208},"end":{"line":1,"column":11217}},"253":{"start":{"line":1,"column":11218},"end":{"line":1,"column":11259}},"254":{"start":{"line":1,"column":11265},"end":{"line":1,"column":11406}},"255":{"start":{"line":1,"column":11285},"end":{"line":1,"column":11294}},"256":{"start":{"line":1,"column":11295},"end":{"line":1,"column":11405}},"257":{"start":{"line":1,"column":11406},"end":{"line":1,"column":11455}},"258":{"start":{"line":1,"column":11430},"end":{"line":1,"column":11439}},"259":{"start":{"line":1,"column":11440},"end":{"line":1,"column":11454}},"260":{"start":{"line":1,"column":11455},"end":{"line":1,"column":11529}},"261":{"start":{"line":1,"column":11479},"end":{"line":1,"column":11488}},"262":{"start":{"line":1,"column":11489},"end":{"line":1,"column":11528}},"263":{"start":{"line":1,"column":11529},"end":{"line":1,"column":11603}},"264":{"start":{"line":1,"column":11553},"end":{"line":1,"column":11562}},"265":{"start":{"line":1,"column":11563},"end":{"line":1,"column":11602}},"266":{"start":{"line":1,"column":11603},"end":{"line":1,"column":11737}},"267":{"start":{"line":1,"column":11631},"end":{"line":1,"column":11640}},"268":{"start":{"line":1,"column":11641},"end":{"line":1,"column":11668}},"269":{"start":{"line":1,"column":11674},"end":{"line":1,"column":11737}},"270":{"start":{"line":1,"column":11694},"end":{"line":1,"column":11703}},"271":{"start":{"line":1,"column":11704},"end":{"line":1,"column":11736}},"272":{"start":{"line":1,"column":11737},"end":{"line":1,"column":11832}},"273":{"start":{"line":1,"column":11761},"end":{"line":1,"column":11770}},"274":{"start":{"line":1,"column":11771},"end":{"line":1,"column":11831}},"275":{"start":{"line":1,"column":11832},"end":{"line":1,"column":11934}},"276":{"start":{"line":1,"column":11936},"end":{"line":1,"column":11944}},"277":{"start":{"line":1,"column":12026},"end":{"line":1,"column":12079}},"278":{"start":{"line":1,"column":12109},"end":{"line":1,"column":12138}},"279":{"start":{"line":1,"column":12167},"end":{"line":1,"column":12260}},"280":{"start":{"line":1,"column":12221},"end":{"line":1,"column":12253}},"281":{"start":{"line":1,"column":12290},"end":{"line":1,"column":12335}},"282":{"start":{"line":1,"column":13420},"end":{"line":1,"column":13493}},"283":{"start":{"line":1,"column":13444},"end":{"line":1,"column":13493}},"284":{"start":{"line":1,"column":13493},"end":{"line":1,"column":13539}},"285":{"start":{"line":1,"column":13617},"end":{"line":1,"column":13641}},"286":{"start":{"line":1,"column":13682},"end":{"line":1,"column":13690}},"287":{"start":{"line":1,"column":13691},"end":{"line":1,"column":13713}},"288":{"start":{"line":1,"column":13766},"end":{"line":1,"column":13862}},"289":{"start":{"line":1,"column":13776},"end":{"line":1,"column":13788}},"290":{"start":{"line":1,"column":13791},"end":{"line":1,"column":13792}},"291":{"start":{"line":1,"column":13815},"end":{"line":1,"column":13819}},"292":{"start":{"line":1,"column":13820},"end":{"line":1,"column":13861}},"293":{"start":{"line":1,"column":13868},"end":{"line":1,"column":13873}},"294":{"start":{"line":1,"column":13874},"end":{"line":1,"column":13933}},"295":{"start":{"line":1,"column":13982},"end":{"line":1,"column":13997}},"296":{"start":{"line":1,"column":13988},"end":{"line":1,"column":13997}},"297":{"start":{"line":1,"column":13997},"end":{"line":1,"column":14068}},"298":{"start":{"line":1,"column":14007},"end":{"line":1,"column":14016}},"299":{"start":{"line":1,"column":14019},"end":{"line":1,"column":14020}},"300":{"start":{"line":1,"column":14037},"end":{"line":1,"column":14058}},"301":{"start":{"line":1,"column":14049},"end":{"line":1,"column":14058}},"302":{"start":{"line":1,"column":14058},"end":{"line":1,"column":14067}},"303":{"start":{"line":1,"column":14068},"end":{"line":1,"column":14076}},"304":{"start":{"line":1,"column":14124},"end":{"line":1,"column":14142}},"305":{"start":{"line":1,"column":14130},"end":{"line":1,"column":14142}},"306":{"start":{"line":1,"column":14142},"end":{"line":1,"column":14216}},"307":{"start":{"line":1,"column":14152},"end":{"line":1,"column":14161}},"308":{"start":{"line":1,"column":14164},"end":{"line":1,"column":14165}},"309":{"start":{"line":1,"column":14182},"end":{"line":1,"column":14206}},"310":{"start":{"line":1,"column":14194},"end":{"line":1,"column":14206}},"311":{"start":{"line":1,"column":14206},"end":{"line":1,"column":14215}},"312":{"start":{"line":1,"column":14216},"end":{"line":1,"column":14224}},"313":{"start":{"line":1,"column":14278},"end":{"line":1,"column":14293}},"314":{"start":{"line":1,"column":14294},"end":{"line":1,"column":14318}},"315":{"start":{"line":1,"column":14383},"end":{"line":1,"column":14398}},"316":{"start":{"line":1,"column":14399},"end":{"line":1,"column":14442}},"317":{"start":{"line":1,"column":14499},"end":{"line":1,"column":14514}},"318":{"start":{"line":1,"column":14515},"end":{"line":1,"column":14536}},"319":{"start":{"line":1,"column":14590},"end":{"line":1,"column":14667}},"320":{"start":{"line":1,"column":14602},"end":{"line":1,"column":14617}},"321":{"start":{"line":1,"column":14618},"end":{"line":1,"column":14666}},"322":{"start":{"line":1,"column":14723},"end":{"line":1,"column":14750}},"323":{"start":{"line":1,"column":14741},"end":{"line":1,"column":14750}},"324":{"start":{"line":1,"column":14756},"end":{"line":1,"column":14761}},"325":{"start":{"line":1,"column":14762},"end":{"line":1,"column":14813}},"326":{"start":{"line":1,"column":14804},"end":{"line":1,"column":14813}},"327":{"start":{"line":1,"column":14813},"end":{"line":1,"column":14831}},"328":{"start":{"line":1,"column":14831},"end":{"line":1,"column":14897}},"329":{"start":{"line":1,"column":14846},"end":{"line":1,"column":14897}},"330":{"start":{"line":1,"column":14897},"end":{"line":1,"column":14905}},"331":{"start":{"line":1,"column":14951},"end":{"line":1,"column":14973}},"332":{"start":{"line":1,"column":15011},"end":{"line":1,"column":15016}},"333":{"start":{"line":1,"column":15017},"end":{"line":1,"column":15084}},"334":{"start":{"line":1,"column":15039},"end":{"line":1,"column":15084}},"335":{"start":{"line":1,"column":15084},"end":{"line":1,"column":15099}},"336":{"start":{"line":1,"column":15105},"end":{"line":1,"column":15267}},"337":{"start":{"line":1,"column":15109},"end":{"line":1,"column":15150}},"338":{"start":{"line":1,"column":15160},"end":{"line":1,"column":15266}},"339":{"start":{"line":1,"column":15326},"end":{"line":1,"column":15412}},"340":{"start":{"line":1,"column":15361},"end":{"line":1,"column":15405}},"341":{"start":{"line":1,"column":15476},"end":{"line":1,"column":15480}},"342":{"start":{"line":1,"column":15483},"end":{"line":1,"column":15485}},"343":{"start":{"line":1,"column":15486},"end":{"line":1,"column":15873}},"344":{"start":{"line":1,"column":15571},"end":{"line":1,"column":15833}},"345":{"start":{"line":1,"column":15593},"end":{"line":1,"column":15833}},"346":{"start":{"line":1,"column":15619},"end":{"line":1,"column":15630}},"347":{"start":{"line":1,"column":15633},"end":{"line":1,"column":15634}},"348":{"start":{"line":1,"column":15635},"end":{"line":1,"column":15743}},"349":{"start":{"line":1,"column":15749},"end":{"line":1,"column":15833}},"350":{"start":{"line":1,"column":15838},"end":{"line":1,"column":15873}},"351":{"start":{"line":1,"column":15941},"end":{"line":1,"column":16010}},"352":{"start":{"line":1,"column":15963},"end":{"line":1,"column":16003}},"353":{"start":{"line":1,"column":16053},"end":{"line":1,"column":16071}},"354":{"start":{"line":1,"column":16116},"end":{"line":1,"column":16130}},"355":{"start":{"line":1,"column":16158},"end":{"line":1,"column":16188}},"356":{"start":{"line":1,"column":16228},"end":{"line":1,"column":16236}},"357":{"start":{"line":1,"column":16237},"end":{"line":1,"column":16276}},"358":{"start":{"line":1,"column":16326},"end":{"line":1,"column":16436}},"359":{"start":{"line":1,"column":16357},"end":{"line":1,"column":16436}},"360":{"start":{"line":1,"column":16436},"end":{"line":1,"column":16468}},"361":{"start":{"line":1,"column":16514},"end":{"line":1,"column":16542}},"362":{"start":{"line":1,"column":16587},"end":{"line":1,"column":16616}},"363":{"start":{"line":1,"column":16665},"end":{"line":1,"column":16698}},"364":{"start":{"line":1,"column":16745},"end":{"line":1,"column":16916}},"365":{"start":{"line":1,"column":16755},"end":{"line":1,"column":16756}},"366":{"start":{"line":1,"column":16759},"end":{"line":1,"column":16779}},"367":{"start":{"line":1,"column":16782},"end":{"line":1,"column":16785}},"368":{"start":{"line":1,"column":16788},"end":{"line":1,"column":16805}},"369":{"start":{"line":1,"column":16808},"end":{"line":1,"column":16824}},"370":{"start":{"line":1,"column":16831},"end":{"line":1,"column":16849}},"371":{"start":{"line":1,"column":16840},"end":{"line":1,"column":16849}},"372":{"start":{"line":1,"column":16849},"end":{"line":1,"column":16915}},"373":{"start":{"line":1,"column":16916},"end":{"line":1,"column":16933}},"374":{"start":{"line":1,"column":16984},"end":{"line":1,"column":17136}},"375":{"start":{"line":1,"column":16994},"end":{"line":1,"column":16995}},"376":{"start":{"line":1,"column":16998},"end":{"line":1,"column":17018}},"377":{"start":{"line":1,"column":17021},"end":{"line":1,"column":17024}},"378":{"start":{"line":1,"column":17027},"end":{"line":1,"column":17044}},"379":{"start":{"line":1,"column":17047},"end":{"line":1,"column":17063}},"380":{"start":{"line":1,"column":17069},"end":{"line":1,"column":17136}},"381":{"start":{"line":1,"column":17136},"end":{"line":1,"column":17163}},"382":{"start":{"line":1,"column":17212},"end":{"line":1,"column":17391}},"383":{"start":{"line":1,"column":17222},"end":{"line":1,"column":17240}},"384":{"start":{"line":1,"column":17243},"end":{"line":1,"column":17244}},"385":{"start":{"line":1,"column":17247},"end":{"line":1,"column":17248}},"386":{"start":{"line":1,"column":17251},"end":{"line":1,"column":17262}},"387"
[...]
{"start":{"line":1,"column":12167},"end":{"line":1,"column":12260}},"type":"binary-expr","locations":[{"start":{"line":1,"column":12167},"end":{"line":1,"column":12174}},{"start":{"line":1,"column":12176},"end":{"line":1,"column":12197}},{"start":{"line":1,"column":12199},"end":{"line":1,"column":12260}}],"line":1},"106":{"loc":{"start":{"line":1,"column":13420},"end":{"line":1,"column":13493}},"type":"if","locations":[{"start":{"line":1,"column":13420},"end":{"line":1,"column":13493}},{"start":{"line":1,"column":13420},"end":{"line":1,"column":13493}}],"line":1},"107":{"loc":{"start":{"line":1,"column":13423},"end":{"line":1,"column":13443}},"type":"binary-expr","locations":[{"start":{"line":1,"column":13423},"end":{"line":1,"column":13431}},{"start":{"line":1,"column":13433},"end":{"line":1,"column":13443}}],"line":1},"108":{"loc":{"start":{"line":1,"column":13776},"end":{"line":1,"column":13788}},"type":"binary-expr","locations":[{"start":{"line":1,"column":13776},"end":{"line":1,"column":13777}},{"start":{"line":1,"column":13779},"end":{"line":1,"column":13788}}],"line":1},"109":{"loc":{"start":{"line":1,"column":13820},"end":{"line":1,"column":13849}},"type":"binary-expr","locations":[{"start":{"line":1,"column":13820},"end":{"line":1,"column":13826}},{"start":{"line":1,"column":13829},"end":{"line":1,"column":13848}}],"line":1},"110":{"loc":{"start":{"line":1,"column":13874},"end":{"line":1,"column":13933}},"type":"cond-expr","locations":[{"start":{"line":1,"column":13884},"end":{"line":1,"column":13903}},{"start":{"line":1,"column":13905},"end":{"line":1,"column":13932}}],"line":1},"111":{"loc":{"start":{"line":1,"column":13982},"end":{"line":1,"column":13997}},"type":"if","locations":[{"start":{"line":1,"column":13982},"end":{"line":1,"column":13997}},{"start":{"line":1,"column":13982},"end":{"line":1,"column":13997}}],"line":1},"112":{"loc":{"start":{"line":1,"column":14037},"end":{"line":1,"column":14058}},"type":"if","locations":[{"start":{"line":1,"column":14037},"end":{"line":1,"column":14058}},{"start":{"line":1,"column":14037},"end":{"line":1,"column":14058}}],"line":1},"113":{"loc":{"start":{"line":1,"column":14124},"end":{"line":1,"column":14142}},"type":"if","locations":[{"start":{"line":1,"column":14124},"end":{"line":1,"column":14142}},{"start":{"line":1,"column":14124},"end":{"line":1,"column":14142}}],"line":1},"114":{"loc":{"start":{"line":1,"column":14182},"end":{"line":1,"column":14206}},"type":"if","locations":[{"start":{"line":1,"column":14182},"end":{"line":1,"column":14206}},{"start":{"line":1,"column":14182},"end":{"line":1,"column":14206}}],"line":1},"115":{"loc":{"start":{"line":1,"column":14301},"end":{"line":1,"column":14318}},"type":"cond-expr","locations":[{"start":{"line":1,"column":14309},"end":{"line":1,"column":14311}},{"start":{"line":1,"column":14312},"end":{"line":1,"column":14318}}],"line":1},"116":{"loc":{"start":{"line":1,"column":14406},"end":{"line":1,"column":14442}},"type":"cond-expr","locations":[{"start":{"line":1,"column":14414},"end":{"line":1,"column":14415}},{"start":{"line":1,"column":14416},"end":{"line":1,"column":14442}}],"line":1},"117":{"loc":{"start":{"line":1,"column":14416},"end":{"line":1,"column":14442}},"type":"cond-expr","locations":[{"start":{"line":1,"column":14428},"end":{"line":1,"column":14440}},{"start":{"line":1,"column":14441},"end":{"line":1,"column":14442}}],"line":1},"118":{"loc":{"start":{"line":1,"column":14522},"end":{"line":1,"column":14536}},"type":"cond-expr","locations":[{"start":{"line":1,"column":14530},"end":{"line":1,"column":14531}},{"start":{"line":1,"column":14532},"end":{"line":1,"column":14536}}],"line":1},"119":{"loc":{"start":{"line":1,"column":14590},"end":{"line":1,"column":14667}},"type":"if","locations":[{"start":{"line":1,"column":14590},"end":{"line":1,"column":14667}},{"start":{"line":1,"column":14590},"end":{"line":1,"column":14667}}],"line":1},"120":{"loc":{"start":{"line":1,"column":14618},"end":{"line":1,"column":14666}},"type":"binary-expr","locations":[{"start":{"line":1,"column":14618},"end":{"line":1,"column":14625}},{"start":{"line":1,"column":14627},"end":{"line":1,"column":14638}},{"start":{"line":1,"column":14641},"end":{"line":1,"column":14665}}],"line":1},"121":{"loc":{"start":{"line":1,"column":14723},"end":{"line":1,"column":14750}},"type":"if","locations":[{"start":{"line":1,"column":14723},"end":{"line":1,"column":14750}},{"start":{"line":1,"column":14723},"end":{"line":1,"column":14750}}],"line":1},"122":{"loc":{"start":{"line":1,"column":14726},"end":{"line":1,"column":14740}},"type":"binary-expr","locations":[{"start":{"line":1,"column":14726},"end":{"line":1,"column":14733}},{"start":{"line":1,"column":14735},"end":{"line":1,"column":14740}}],"line":1},"123":{"loc":{"start":{"line":1,"column":14756},"end":{"line":1,"column":14761}},"type":"binary-expr","locations":[{"start":{"line":1,"column":14756},"end":{"line":1,"column":14757}},{"start":{"line":1,"column":14759},"end":{"line":1,"column":14761}}],"line":1},"124":{"loc":{"start":{"line":1,"column":14762},"end":{"line":1,"column":14813}},"type":"if","locations":[{"start":{"line":1,"column":14762},"end":{"line":1,"column":14813}},{"start":{"line":1,"column":14762},"end":{"line":1,"column":14813}}],"line":1},"125":{"loc":{"start":{"line":1,"column":14765},"end":{"line":1,"column":14803}},"type":"binary-expr","locations":[{"start":{"line":1,"column":14765},"end":{"line":1,"column":14774}},{"start":{"line":1,"column":14777},"end":{"line":1,"column":14802}}],"line":1},"126":{"loc":{"start":{"line":1,"column":14813},"end":{"line":1,"column":14830}},"type":"binary-expr","locations":[{"start":{"line":1,"column":14813},"end":{"line":1,"column":14819}},{"start":{"line":1,"column":14821},"end":{"line":1,"column":14830}}],"line":1},"127":{"loc":{"start":{"line":1,"column":14846},"end":{"line":1,"column":14896}},"type":"binary-expr","locations":[{"start":{"line":1,"column":14846},"end":{"line":1,"column":14856}},{"start":{"line":1,"column":14858},"end":{"line":1,"column":14866}},{"start":{"line":1,"column":14868},"end":{"line":1,"column":14896}}],"line":1},"128":{"loc":{"start":{"line":1,"column":15011},"end":{"line":1,"column":15016}},"type":"binary-expr","locations":[{"start":{"line":1,"column":15011},"end":{"line":1,"column":15012}},{"start":{"line":1,"column":15014},"end":{"line":1,"column":15016}}],"line":1},"129":{"loc":{"start":{"line":1,"column":15017},"end":{"line":1,"column":15084}},"type":"if","locations":[{"start":{"line":1,"column":15017},"end":{"line":1,"column":15084}},{"start":{"line":1,"column":15017},"end":{"line":1,"column":15084}}],"line":1},"130":{"loc":{"start":{"line":1,"column":15020},"end":{"line":1,"column":15038}},"type":"binary-expr","locations":[{"start":{"line":1,"column":15020},"end":{"line":1,"column":15029}},{"start":{"line":1,"column":15031},"end":{"line":1,"column":15038}}],"line":1},"131":{"loc":{"start":{"line":1,"column":15486},"end":{"line":1,"column":15873}},"type":"if","locations":[{"start":{"line":1,"column":15486},"end":{"line":1,"column":15873}},{"start":{"line":1,"column":15486},"end":{"line":1,"column":15873}}],"line":1},"132":{"loc":{"start":{"line":1,"column":15502},"end":{"line":1,"column":15527}},"type":"binary-expr","locations":[{"start":{"line":1,"column":15502},"end":{"line":1,"column":15512}},{"start":{"line":1,"column":15515},"end":{"line":1,"column":15526}}],"line":1},"133":{"loc":{"start":{"line":1,"column":15517},"end":{"line":1,"column":15526}},"type":"binary-expr","locations":[{"start":{"line":1,"column":15517},"end":{"line":1,"column":15523}},{"start":{"line":1,"column":15525},"end":{"line":1,"column":15526}}],"line":1},"134":{"loc":{"start":{"line":1,"column":15528},"end":{"line":1,"column":15557}},"type":"binary-expr","locations":[{"start":{"line":1,"column":15528},"end":{"line":1,"column":15540}},{"start":{"line":1,"column":15543},"end":{"line":1,"column":15556}}],"line":1},"135":{"loc":{"start":{"line":1,"column":15545},"end":{"line":1,"column":15556}},"type":"binary-expr","locations":[{"start":{"line":1,"column":15545},"end":{"line":1,"column":15553}},{"start":{"line":1,"column":15555},"end":{"line":1,"column":15556}}],"line":1},"136":{"loc":{"start":{"line":1,"column":15593},"end":{"line":1,"column":15833}},"type":"if","locations":[{"start":{"line":1,"column":15593},"end":{"line":1,"column":15833}},{"start":{"line":1,"column":15593},"end":{"line":1,"column":15833}}],"line":1},"137":{"loc":{"start":{"line":1,"column":15635},"end":{"line":1,"column":15665}},"type":"binary-expr","locations":[{"start":{"line":1,"column":15635},"end":{"line":1,"column":15651}},{"start":{"line":1,"column":15654},"end":{"line":1,"column":15664}}],"line":1},"138":{"loc":{"start":{"line":1,"column":15688},"end":{"line":1,"column":15718}},"type":"cond-expr","locations":[{"start":{"line":1,"column":15709},"end":{"line":1,"column":15716}},{"start":{"line":1,"column":15717},"end":{"line":1,"column":15718}}],"line":1},"139":{"loc":{"start":{"line":1,"column":15688},"end":{"line":1,"column":15708}},"type":"binary-expr","locations":[{"start":{"line":1,"column":15688},"end":{"line":1,"column":15695}},{"start":{"line":1,"column":15697},"end":{"line":1,"column":15708}}],"line":1},"140":{"loc":{"start":{"line":1,"column":15724},"end":{"line":1,"column":15733}},"type":"binary-expr","locations":[{"start":{"line":1,"column":15724},"end":{"line":1,"column":15730}},{"start":{"line":1,"column":15732},"end":{"line":1,"column":15733}}],"line":1},"141":{"loc":{"start":{"line":1,"column":16372},"end":{"line":1,"column":16435}},"type":"binary-expr","locations":[{"start":{"line":1,"column":16372},"end":{"line":1,"column":16388}},{"start":{"line":1,"column":16390},"end":{"line":1,"column":16435}}],"line":1},"142":{"loc":{"start":{"line":1,"column":16831},"end":{"line":1,"column":16849}},"type":"if","locations":[{"start":{"line":1,"column":16831},"end":{"line":1,"column":16849}},{"start":{"line":1,"column":16831},"end":{"line":1,"column":16849}}],"line":1},"143":{"loc":{"start":{"line":1,"column":16849},"end":{"line":1,"column":16859}},"type":"binary-expr","locations":[{"start":{"line":1,"column":16849},"end":{"line":1,"column":16852}},{"start":{"line":1,"column":16855},"end":{"line":1,"column":16858}}],"line":1},"144":{"loc":{"start":{"line":1,"column":16860},"end":{"line":1,"column":16870}},"type":"binary-expr","locations":[{"start":{"line":1,"column":16860},"end":{"line":1,"column":16863}},{"start":{"line":1,"column":16866},"end":{"line":1,"column":16869}}],"line":1},"145":{"loc":{"start":{"line":1,"column":16923},"end":{"line":1,"column":16933}},"type":"cond-expr","locations":[{"start":{"line":1,"column":16929},"end":{"line":1,"column":16930}},{"start":{"line":1,"column":16931},"end":{"line":1,"column":16933}}],"line":1},"146":{"loc":{"start":{"line":1,"column":17069},"end":{"line":1,"column":17079}},"type":"binary-expr","locations":[{"start":{"line":1,"column":17069},"end":{"line":1,"column":17072}},{"start":{"line":1,"column":17075},"end":{"line":1,"column":17078}}],"line":1},"147":{"loc":{"start":{"line":1,"column":17080},"end":{"line":1,"column":17090}},"type":"binary-expr","locations":[{"start":{"line":1,"column":17080},"end":{"line":1,"column":17083}},{"start":{"line":1,"column":17086},"end":{"line":1,"column":17089}}],"line":1},"148":{"loc":{"start":{"line":1,"column":17143},"end":{"line":1,"column":17163}},"type":"cond-expr","locations":[{"start":{"line":1,"column":17147},"end":{"line":1,"column":17148}},{"start":{"line":1,"column":17149},"end":{"line":1,"column":17163}}],"line":1},"149":{"loc":{"start":{"line":1,"column":17149},"end":{"line":1,"column":17163}},"type":"cond-expr","locations":[{"start":{"line":1,"column":17153},"end":{"line":1,"column":17156}},{"start":{"line":1,"column":17157},"end":{"line":1,"column":17163}}],"line":1},"150":{"loc":{"start":{"line":1,"column":17306},"end":{"line":1,"column":17328}},"type":"if","locations":[{"start":{"line":1,"column":17306},"end":{"line":1,"column":17328}},{"start":{"line":1,"column":17306},"end":{"line":1,"column":17328}}],"line":1},"151":{"loc":{"start":{"line":1,"column":17309},"end":{"line":1,"column":17321}},"type":"binary-expr","locations":[{"start":{"line":1,"column":17309},"end":{"line":1,"column":17314}},{"start":{"line":1,"column":17316},"end":{"line":1,"column":17321}}],"line":1},"152":{"loc":{"start":{"line":1,"column":17328},"end":{"line":1,"column":17390}},"type":"cond-expr","locations":[{"start":{"line":1,"column":17340},"end":{"line":1,"column":17368}},{"start":{"line":1,"column":17370},"end":{"line":1,"column":17389}}],"line":1},"153":{"loc":{"start":{"line":1,"column":17340},"end":{"line":1,"column":17368}},"type":"cond-expr","locations":[{"start":{"line":1,"column":17350},"end":{"line":1,"column":17353}},{"start":{"line":1,"column":17354},"end":{"line":1,"column":17368}}],"line":1},"154":{"loc":{"start":{"line":1,"column":17354},"end":{"line":1,"column":17368}},"type":"binary-expr","locations":[{"start":{"line":1,"column":17354},"end":{"line":1,"column":17363}},{"start":{"line":1,"column":17365},"end":{"line":1,"column":17368}}],"line":1},"155":{"loc":{"start":{"line":1,"column":17584},"end":{"line":1,"column":17631}},"type":"cond-expr","locations":[{"start":{"line":1,"column":17607},"end":{"line":1,"column":17617}},{"start":{"line":1,"column":17620},"end":{"line":1,"column":17630}}],"line":1},"156":{"loc":{"start":{"line":1,"column":17787},"end":{"line":1,"column":17896}},"type":"cond-expr","locations":[{"start":{"line":1,"column":17825},"end":{"line":1,"column":17834}},{"start":{"line":1,"column":17835},"end":{"line":1,"column":17896}}],"line":1},"157":{"loc":{"start":{"line":1,"column":17787},"end":{"line":1,"column":17824}},"type":"binary-expr","locations":[{"start":{"line":1,"column":17787},"end":{"line":1,"column":17812}},{"start":{"line":1,"column":17814},"end":{"line":1,"column":17824}}],"line":1},"158":{"loc":{"start":{"line":1,"column":17835},"end":{"line":1,"column":17896}},"type":"cond-expr","locations":[{"start":{"line":1,"column":17860},"end":{"line":1,"column":17878}},{"start":{"line":1,"column":17879},"end":{"line":1,"column":17896}}],"line":1}},"s":{"0":0,"1":0,"2":0,"3":0,"4":0,"5":0,"6":0,"7":0,"8":0,"9":0,"10":0,"11":0,"12":0,"13":0,"14":0,"15":0,"16":0,"17":0,"18":0,"19":0,"20":0,"21":0,"22":0,"23":0,"24":0,"25":0,"26":0,"27":0,"28":0,"29":0,"30":0,"31":0,"32":0,"33":0,"34":0,"35":0,"36":0,"37":0,"38":0,"39":0,"40":0,"41":0,"42":0,"43":0,"44":0,"45":0,"46":0,"47":0,"48":0,"49":0,"50":0,"51":0,"52":0,"53":0,"54":0,"55":0,"56":0,"57":0,"58":0,"59":0,"60":0,"61":0,"62":0,"63":0,"64":0,"65":0,"66":0,"67":0,"68":0,"69":0,"70":0,"71":0,"72":0,"73":0,"74":0,"75":0,"76":0,"77":0,"78":0,"79":0,"80":0,"81":0,"82":0,"83":0,"84":0,"85":0,"86":0,"87":0,"88":0,"89":0,"90":0,"91":0,"92":0,"93":0,"94":0,"95":0,"96":0,"97":0,"98":0,"99":0,"100":0,"101":0,"102":0,"103":0,"104":0,"105":0,"106":0,"107":0,"108":0,"109":0,"110":0,"111":0,"112":0,"113":0,"114":0,"115":0,"116":0,"117":0,"118":0,"119":0,"120":0,"121":0,"122":0,"123":0,"124":0,"125":0,"126":0,"127":0,"128":0,"129":0,"130":0,"131":0,"132":0,"133":0,"134":0,"135":0,"136":0,"137":0,"138":0,"139":0,"140":0,"141":0,"142":0,"143":0,"144":0,"145":0,"146":0,"147":0,"148":0,"149":0,"150":0,"151":0,"152":0,"153":0,"154":0,"155":0,"156":0,"157":0,"158":0,"159":0,"160":0,"161":0,"162":0,"163":0,"164":0,"165":0,"166":0,"167":0,"168":0,"169":0,"170":0,"171":0,"172":0,"173":0,"174":0,"175":0,"176":0,"177":0,"178":0,"179":0,"180":0,"181":0,"182":0,"183":0,"184":0,"185":0,"186":0,"187":0,"188":0,"189":0,"190":0,"191":0,"192":0,"193":0,"194":0,"195":0,"196":0,"197":0,"198":0,"199":0,"200":0,"201":0,"202":0,"203":0,"204":0,"205":0,"206":0,"207":0,"208":0,"209":0,"210":0,"211":0,"212":0,"213":0,"214":0,"215":0,"216":0,"217":0,"218":0,"219":0,"220":0,"221":0,"222":0,"223":0,"224":0,"225":0,"226":0,"227":0,"228":0,"229":0,"230":0,"231":0,"232":0,"233":0,"234":0,"235":0,"236":0,"237":0,"238":0,"239":0,"240":0,"241":0,"242":0,"243":0,"244":0,"245":0,"246":0,"247":0,"248":0,"249":0,"250":0,"251":0,"252":0,"253":0,"254":0,"255":0,"256":0,"257":0,"258":0,"259":0,"260":0,"261":0,"262":0,"263":0,"264":0,"265":0,"266":0,"267":0,"268":0,"269":0,"270":0,"271":0,"272":0,"273":0,"274":0,"275":0,"276":0,"277":0,"278":0,"279":0,"280":0,"281":0,"282":0,"283":0,"284":0,"285":0,"286":0,"287":0,"288":0,"289":0,"290":0,"291":0,"292":0,"293":0,"294":0,"295":0,"296":0,"297":0,"298":0,"299":0,"300":0,"301":0,"302":0,"303":0,"304":0,"305":0,"306":0,"307":0,"308":0,"309":0,"310":0,"311":0,"312":0,"313":0,"314":0,"315":0,"316":0,"317":0,"318":0,"319":0,"320":0,"321":0,"322":0,"323":0,"324":0,"325":0,"326":0,"327":0,"328":0,"329":0,"330":0,"331":0,"332":0,"333":0,"334":0,"335":0,"336":0,"337":0,"338":0,"339":0,"340":0,"341":0,"342":0,"343":0,"344":0,"345":0,"346":0,"347":0,"348":0,"349":0,"350":0,"351":0,"352":0,"353":0,"354":0,"355":0,"356":0,"357":0,"358":0,"359":0,"360":0,"361":0,"362":0,"363":0,"364":0,"365":0,"366":0,"367":0,"368":0,"369":0,"370":0,"371":0,"372":0,"373":0,"374":0,"375":0,"376":0,"377":0,"378":0,"379":0,"380":0,"381":0,"382":0,"383":0,"384":0,"385":0,"386":0,"387":0,"388":0,"389":0,"390":0,"391":0,"392":0,"393":0,"394":0,"395":0,"396":0,"397":0,"398":0,"399":0,"400":0,"401":0,"402":0,"403":0,"404":0},"f":{"0":0,"1":0,"2":0,"3":0,"4":0,"5":0,"6":0,"7":0,"8":0,"9":0,"10":0,"11":0,"12":0,"13":0,"14":0,"15":0,"16":0,"17":0,"18":0,"19":0,"20":0,"21":0,"22":0,"23":0,"24":0,"25":0,"26":0,"27":0,"28":0,"29":0,"30":0,"31":0,"32":0,"33":0,"34":0,"35":0,"36":0,"37":0,"38":0,"39":0,"40":0,"41":0,"42":0,"43":0,"44":0,"45":0,"46":0,"47":0,"48":0,"49":0,"50":0,"51":0,"52":0,"53":0,"54":0,"55":0,"56":0,"57":0,"58":0,"59":0,"60":0,"61":0,"62":0,"63":0,"64":0,"65":0,"66":0,"67":0,"68":0,"69":0,"70":0,"71":0,"72":0,"73":0,"74":0,"75":0,"76":0,"77":0,"78":0,"79":0,"80":0,"81":0,"82":0,"83":0,"84":0,"85":0,"86":0,"87":0,"88":0,"89":0,"90":0,"91":0,"92":0,"93":0,"94":0,"95":0,"96":0,"97":0,"98":0,"99":0,"100":0,"101":0,"102":0,"103":0,"104":0,"105":0,"106":0,"107":0,"108":0,"109":0,"110":0,"111":0,"112":0,"113":0,"114":0,"115":0,"116":0},"b":{"0":[0,0],"1":[0,0],"2":[0,0],"3":[0,0],"4":[0,0,0],"5":[0,0],"6":[0,0],"7":[0,0],"8":[0,0],"9":[0,0],"10":[0,0],"11":[0,0],"12":[0,0],"13":[0,0],"14":[0,0,0],"15":[0,0],"16":[0,0],"17":[0,0],"18":[0,0,0,0],"19":[0,0],"20":[0,0],"21":[0,0],"22":[0,0],"23":[0,0],"24":[0,0],"25":[0,0],"26":[0,0],"27":[0,0],"28":[0,0],"29":[0,0,0],"30":[0,0],"31":[0,0],"32":[0,0],"33":[0,0],"34":[0,0],"35":[0,0],"36":[0,0,0],"37":[0,0],"38":[0,0],"39":[0,0],"40":[0,0],"41":[0,0],"42":[0,0],"43":[0,0],"44":[0,0],"45":[0,0],"46":[0,0],"47":[0,0],"48":[0,0],"49":[0,0],"50":[0,0],"51":[0,0],"52":[0,0],"53":[0,0],"54":[0,0],"55":[0,0],"56":[0,0],"57":[0,0],"58":[0,0],"59":[0,0],"60":[0,0],"61":[0,0],"62":[0,0],"63":[0,0],"64":[0,0],"65":[0,0],"66":[0,0],"67":[0,0],"68":[0,0],"69":[0,0],"70":[0,0],"71":[0,0],"72":[0,0,0,0],"73":[0,0],"74":[0,0,0,0],"75":[0,0],"76":[0,0],"77":[0,0],"78":[0,0],"79":[0,0],"80":[0,0],"81":[0,0],"82":[0,0],"83":[0,0],"84":[0,0],"85":[0,0],"86":[0,0],"87":[0,0],"88":[0,0],"89":[0,0],"90":[0,0],"91":[0,0],"92":[0,0],"93":[0,0],"94":[0,0],"95":[0,0],"96":[0,0],"97":[0,0],"98":[0,0],"99":[0,0],"100":[0,0,0,0],"101":[0,0,0],"102":[0,0],"103":[0,0],"104":[0,0],"105":[0,0,0],"106":[0,0],"107":[0,0],"108":[0,0],"109":[0,0],"110":[0,0],"111":[0,0],"112":[0,0],"113":[0,0],"114":[0,0],"115":[0,0],"116":[0,0],"117":[0,0],"118":[0,0],"119":[0,0],"120":[0,0,0],"121":[0,0],"122":[0,0],"123":[0,0],"124":[0,0],"125":[0,0],"126":[0,0],"127":[0,0,0],"128":[0,0],"129":[0,0],"130":[0,0],"131":[0,0],"132":[0,0],"133":[0,0],"134":[0,0],"135":[0,0],"136":[0,0],"137":[0,0],"138":[0,0],"139":[0,0],"140":[0,0],"141":[0,0],"142":[0,0],"143":[0,0],"144":[0,0],"145":[0,0],"146":[0,0],"147":[0,0],"148":[0,0],"149":[0,0],"150":[0,0],"151":[0,0],"152":[0,0],"153":[0,0],"154":[0,0],"155":[0,0],"156":[0,0],"157":[0,0],"158":[0,0]}}}